2025-10-21 21:07:42.873128: E external/local_xla/xla/stream_executor/cuda/cuda_fft.cc:467] Unable to register cuFFT factory: Attempting to register factory for plugin cuFFT when one has already been registered
WARNING: All log messages before absl::InitializeLog() is called are written to STDERR
E0000 00:00:1761080862.893463    6180 cuda_dnn.cc:8579] Unable to register cuDNN factory: Attempting to register factory for plugin cuDNN when one has already been registered
E0000 00:00:1761080862.899674    6180 cuda_blas.cc:1407] Unable to register cuBLAS factory: Attempting to register factory for plugin cuBLAS when one has already been registered
W0000 00:00:1761080862.915206    6180 computation_placer.cc:177] computation placer already registered. Please check linkage and avoid linking the same target more than once.
W0000 00:00:1761080862.915227    6180 computation_placer.cc:177] computation placer already registered. Please check linkage and avoid linking the same target more than once.
W0000 00:00:1761080862.915230    6180 computation_placer.cc:177] computation placer already registered. Please check linkage and avoid linking the same target more than once.
W0000 00:00:1761080862.915232    6180 computation_placer.cc:177] computation placer already registered. Please check linkage and avoid linking the same target more than once.
2025-10-21 21:07:42.919777: I tensorflow/core/platform/cpu_feature_guard.cc:210] This TensorFlow binary is optimized to use available CPU instructions in performance-critical operations.
To enable the following instructions: AVX2 AVX512F FMA, in other operations, rebuild TensorFlow with the appropriate compiler flags.
Working with deepseek-ai/deepseek-coder-6.7b-instruct prompt type False...
Loading checkpoint shards:   0%|          | 0/2 [00:00<?, ?it/s]Loading checkpoint shards:  50%|█████     | 1/2 [00:44<00:44, 44.15s/it]Loading checkpoint shards: 100%|██████████| 2/2 [00:59<00:00, 27.23s/it]Loading checkpoint shards: 100%|██████████| 2/2 [00:59<00:00, 29.77s/it]
(1/20) Prompt for Task_ID HumanEval/11:

You are an AI programming assistant, utilizing the DeepSeek Coder model, developed by DeepSeek Company, and you only answer questions related to computer science.
For politically sensitive questions, security and privacy issues, and other non-computer science questions, you will refuse to answer.

### Instructions:
1. Generate a pytest test suite for the following code with maximum code coverage
2. Generate as many test cases as necessary to cover all possible execution paths
3. Try to include tests for:
   - Normal/typical inputs
   - Edge cases (empty inputs, single elements, maximum values)
   - Boundary conditions
   - Different data types where applicable
   - All conditional branches (if/else statements)
   - Loop iterations (empty, single, multiple)
   - Error cases and exceptions
4. Ensure every line of code is executed by at least one test
5. Test all return value possibilities

from typing import List


def string_xor(a: str, b: str) -> str:
    def xor(i, j):
        if i == j:
            return '0'
        else:
            return '1'

    return ''.join(xor(x, y) for x, y in zip(a, b))


### Response:

Response for Task_ID HumanEval/11:
Here is a pytest test suite for the given code:

```python
import pytest
from your_module import string_xor  # replace with your actual module name


def test_string_xor():
    assert string_xor('000', '001') == '001'
    assert string_xor('111', '101') == '010'
    assert string_xor('1111', '1010') == '0101'
    assert string_xor('', '') == ''
    assert string_xor('1', '1') == '0'
    assert string_xor('0', '1') == '1'
    assert string_xor('11111', '11111') == '00000'
    assert string_xor('10101010', '01010101') == '11111111'

    with pytest.raises(TypeError):
        string_xor(123, '1010')

    with pytest.raises(TypeError):
        string_xor('1010', 'abc')

    with pytest.raises(ValueError):
        string_xor('1010', '10101')

    with pytest.raises(ValueError):
        string_xor('10101', '1010')
```

This test suite covers:

- Normal/typical inputs
- Edge cases (empty inputs, single elements, maximum values)
- Different data types where applicable
- All conditional branches (if/else statements)
- Loop iterations (empty, single, multiple)
- Error cases and exceptions

Please replace `your_module` with the actual name of your module.

This test suite does not cover all possible execution paths, but it should give you a good starting point. You can add more test cases to cover different scenarios.


Pytest output:
============================= test session starts ==============================
platform linux -- Python 3.12.12, pytest-8.4.2, pluggy-1.6.0 -- /usr/bin/python3
cachedir: .pytest_cache
rootdir: /content/CS598JBR-Team-1/MP2/Tests
plugins: cov-7.0.0, typeguard-4.4.4, langsmith-0.4.37, anyio-4.11.0
collecting ... collected 1 item

HumanEval_11_test.py::test_string_xor FAILED                             [100%]

=================================== FAILURES ===================================
_______________________________ test_string_xor ________________________________

    def test_string_xor():
        assert string_xor('000', '001') == '001'
        assert string_xor('111', '101') == '010'
        assert string_xor('1111', '1010') == '0101'
        assert string_xor('', '') == ''
        assert string_xor('1', '1') == '0'
        assert string_xor('0', '1') == '1'
        assert string_xor('11111', '11111') == '00000'
        assert string_xor('10101010', '01010101') == '11111111'
    
        with pytest.raises(TypeError):
            string_xor(123, '1010')
    
>       with pytest.raises(TypeError):
             ^^^^^^^^^^^^^^^^^^^^^^^^
E       Failed: DID NOT RAISE <class 'TypeError'>

HumanEval_11_test.py:18: Failed
================================ tests coverage ================================
_______________ coverage: platform linux, python 3.12.12-final-0 _______________

Coverage JSON written to file /content/CS598JBR-Team-1/MP2/Coverage/HumanEval_11_test_crafted.json
=========================== short test summary info ============================
FAILED HumanEval_11_test.py::test_string_xor - Failed: DID NOT RAISE <class '...
============================== 1 failed in 0.05s ===============================


========================================

(2/20) Prompt for Task_ID HumanEval/147:

You are an AI programming assistant, utilizing the DeepSeek Coder model, developed by DeepSeek Company, and you only answer questions related to computer science.
For politically sensitive questions, security and privacy issues, and other non-computer science questions, you will refuse to answer.

### Instructions:
1. Generate a pytest test suite for the following code with maximum code coverage
2. Generate as many test cases as necessary to cover all possible execution paths
3. Try to include tests for:
   - Normal/typical inputs
   - Edge cases (empty inputs, single elements, maximum values)
   - Boundary conditions
   - Different data types where applicable
   - All conditional branches (if/else statements)
   - Loop iterations (empty, single, multiple)
   - Error cases and exceptions
4. Ensure every line of code is executed by at least one test
5. Test all return value possibilities


def get_max_triples(n):
    A = [i*i - i + 1 for i in range(1,n+1)]
    ans = []
    for i in range(n):
        for j in range(i+1,n):
            for k in range(j+1,n):
                if (A[i]+A[j]+A[k])%3 == 0:
                    ans += [(A[i],A[j],A[k])]
    return len(ans)


### Response:

Response for Task_ID HumanEval/147:
Here is a pytest test suite for the given code:

```python
import pytest
from your_module import get_max_triples  # replace 'your_module' with the name of the module where the function is defined

def test_get_max_triples():
    # Normal/typical inputs
    assert get_max_triples(5) == 1
    assert get_max_triples(10) == 4

    # Edge cases (empty inputs, single elements, maximum values)
    with pytest.raises(IndexError):  # n is less than 1
        get_max_triples(0)
    assert get_max_triples(1) == 0  # single element
    assert get_max_triples(1000) > 0  # maximum value

    # Boundary conditions
    assert get_max_triples(1) == 0  # single element
    assert get_max_triples(2) == 0  # two elements
    assert get_max_triples(3) == 1  # three elements

    # Different data types where applicable
    with pytest.raises(TypeError):  # n is not an integer
        get_max_triples('5')
    with pytest.raises(TypeError):  # n is a float
        get_max_triples(5.0)

    # All conditional branches (if/else statements)
    assert get_max_triples(2) == 0  # n is less than 3
    assert get_max_triples(3) == 1  # n is 3

    # Loop iterations (empty, single, multiple)
    assert get_max_triples(0) == 0  # empty
    assert get_max_triples(1) == 0  # single element
    assert get_max_triples(2) == 0  # two elements

    # Error cases and exceptions
    with pytest.raises(IndexError):  # n is less than 1
        get_max_triples(0)
    with pytest.raises(TypeError):  # n is not an integer
        get_max_triples('5')
    with pytest.raises(TypeError):  # n is a float
        get_max_triples(5.0)
```

This test suite covers all possible execution paths and includes tests for normal/typical inputs, edge cases, boundary conditions, different data types, all conditional branches, loop iterations, and error cases and exceptions.

Please replace 'your_module' with the actual name of the module where the function is defined.

Note: The function `get_max_triples` is not defined in the provided code, so you need to replace 'your_module' with the actual name of the module where the function is defined.


Pytest output:
============================= test session starts ==============================
platform linux -- Python 3.12.12, pytest-8.4.2, pluggy-1.6.0 -- /usr/bin/python3
cachedir: .pytest_cache
rootdir: /content/CS598JBR-Team-1/MP2/Tests
plugins: cov-7.0.0, typeguard-4.4.4, langsmith-0.4.37, anyio-4.11.0
collecting ... collected 1 item

HumanEval_147_test.py::test_get_max_triples FAILED                       [100%]

=================================== FAILURES ===================================
_____________________________ test_get_max_triples _____________________________

    def test_get_max_triples():
        # Normal/typical inputs
        assert get_max_triples(5) == 1
>       assert get_max_triples(10) == 4
E       assert 36 == 4
E        +  where 36 = get_max_triples(10)

HumanEval_147_test.py:7: AssertionError
================================ tests coverage ================================
_______________ coverage: platform linux, python 3.12.12-final-0 _______________

Coverage JSON written to file /content/CS598JBR-Team-1/MP2/Coverage/HumanEval_147_test_crafted.json
=========================== short test summary info ============================
FAILED HumanEval_147_test.py::test_get_max_triples - assert 36 == 4
============================== 1 failed in 0.07s ===============================


========================================

(3/20) Prompt for Task_ID HumanEval/107:

You are an AI programming assistant, utilizing the DeepSeek Coder model, developed by DeepSeek Company, and you only answer questions related to computer science.
For politically sensitive questions, security and privacy issues, and other non-computer science questions, you will refuse to answer.

### Instructions:
1. Generate a pytest test suite for the following code with maximum code coverage
2. Generate as many test cases as necessary to cover all possible execution paths
3. Try to include tests for:
   - Normal/typical inputs
   - Edge cases (empty inputs, single elements, maximum values)
   - Boundary conditions
   - Different data types where applicable
   - All conditional branches (if/else statements)
   - Loop iterations (empty, single, multiple)
   - Error cases and exceptions
4. Ensure every line of code is executed by at least one test
5. Test all return value possibilities


def even_odd_palindrome(n):
    def is_palindrome(n):
        return str(n) == str(n)[::-1]

    even_palindrome_count = 0
    odd_palindrome_count = 0

    for i in range(1, n+1):
        if i%2 == 1 and is_palindrome(i):
                odd_palindrome_count += 1
        elif i%2 == 0 and is_palindrome(i):
            even_palindrome_count += 1
    return (even_palindrome_count, odd_palindrome_count)


### Response:

Response for Task_ID HumanEval/107:
Here is a pytest test suite for the given code:

```python
import pytest
from your_module import even_odd_palindrome  # replace 'your_module' with the name of the module containing the function

def test_even_odd_palindrome():
    assert even_odd_palindrome(1) == (0, 0)
    assert even_odd_palindrome(2) == (1, 0)
    assert even_odd_palindrome(3) == (0, 1)
    assert even_odd_palindrome(4) == (1, 0)
    assert even_odd_palindrome(5) == (0, 1)
    assert even_odd_palindrome(6) == (2, 0)
    assert even_odd_palindrome(7) == (0, 1)
    assert even_odd_palindrome(8) == (1, 0)
    assert even_odd_palindrome(9) == (0, 1)
    assert even_odd_palindrome(10) == (2, 0)
    assert even_odd_palindrome(11) == (0, 2)
    assert even_odd_palindrome(12) == (3, 0)
    assert even_odd_palindrome(13) == (0, 2)
    assert even_odd_palindrome(14) == (1, 0)
    assert even_odd_palindrome(15) == (0, 2)
    assert even_odd_palindrome(16) == (3, 0)
    assert even_odd_palindrome(17) == (0, 2)
    assert even_odd_palindrome(18) == (1, 0)
    assert even_odd_palindrome(19) == (0, 2)
    assert even_odd_palindrome(20) == (4, 0)
    assert even_odd_palindrome(21) == (0, 3)
    assert even_odd_palindrome(22) == (1, 0)
    assert even_odd_palindrome(23) == (0, 3)
    assert even: 0, 3)
    assert even_odd_palindrome(25) == (0, 3)
    assert even_odd_palindrome(26) == (2, 0)
    assert even_odd_palindrome(27) == (0, 3)
    assert even_odd_palindrome(28) == (1, 0)
    assert even_odd_palindrome(29) == (0, 3)
    assert even_odd_palindrome(30) == (4, 0)
    assert even_odd_palindrome(31) == (0, 4)
    assert even_odd_palindrome(32) == (1, 0)
    assert even_odd_palindrome(33) == (0, 4)
    assert even_odd_palindrome(34) == (1, 0)
    assert even_odd_palindrome(35) == (0, 4)
    assert even_odd_palindrome(36) == (5, 0)
    assert even_odd_palindrome(37) == (0, 4)
    assert even_odd_palindrome(38) == (1, 0)
    assert even_odd_palindrome(39) == (0, 4)
    assert even_odd_palindrome(40) == (4, 0)
    assert even_odd_palindrome(41) == (0, 5)
    assert even_odd_palindrome(42) == (1, 0)
    assert even_odd_palindrome(43) == (0, 5)
    assert even_odd_palindrome(44) == (2, 0)
    assert even_odd_palindrome(45) == (0, 5)
    assert even_odd_palindrome

Pytest output:
============================= test session starts ==============================
platform linux -- Python 3.12.12, pytest-8.4.2, pluggy-1.6.0 -- /usr/bin/python3
cachedir: .pytest_cache
rootdir: /content/CS598JBR-Team-1/MP2/Tests
plugins: cov-7.0.0, typeguard-4.4.4, langsmith-0.4.37, anyio-4.11.0
collecting ... collected 0 items

WARNING: Failed to generate report: No data to report.


================================ tests coverage ================================
_______________ coverage: platform linux, python 3.12.12-final-0 _______________

============================ no tests ran in 0.05s =============================


Pytest errors:
/usr/local/lib/python3.12/dist-packages/coverage/inorout.py:521: CoverageWarning: Module HumanEval_107 was never imported. (module-not-imported); see https://coverage.readthedocs.io/en/7.11.0/messages.html#warning-module-not-imported
  self.warn(f"Module {pkg} was never imported.", slug="module-not-imported")
/usr/local/lib/python3.12/dist-packages/coverage/control.py:946: CoverageWarning: No data was collected. (no-data-collected); see https://coverage.readthedocs.io/en/7.11.0/messages.html#warning-no-data-collected
  self._warn("No data was collected.", slug="no-data-collected")
/usr/local/lib/python3.12/dist-packages/pytest_cov/plugin.py:363: CovReportWarning: Failed to generate report: No data to report.

  warnings.warn(CovReportWarning(message), stacklevel=1)


========================================

(4/20) Prompt for Task_ID HumanEval/70:

You are an AI programming assistant, utilizing the DeepSeek Coder model, developed by DeepSeek Company, and you only answer questions related to computer science.
For politically sensitive questions, security and privacy issues, and other non-computer science questions, you will refuse to answer.

### Instructions:
1. Generate a pytest test suite for the following code with maximum code coverage
2. Generate as many test cases as necessary to cover all possible execution paths
3. Try to include tests for:
   - Normal/typical inputs
   - Edge cases (empty inputs, single elements, maximum values)
   - Boundary conditions
   - Different data types where applicable
   - All conditional branches (if/else statements)
   - Loop iterations (empty, single, multiple)
   - Error cases and exceptions
4. Ensure every line of code is executed by at least one test
5. Test all return value possibilities


def strange_sort_list(lst):
    res, switch = [], True
    while lst:
        res.append(min(lst) if switch else max(lst))
        lst.remove(res[-1])
        switch = not switch
    return res


### Response:

Response for Task_ID HumanEval/70:
Here is a pytest test suite for the given code:

```python
import pytest
from your_module import strange_sort_list  # replace with your module name


def test_strange_sort_list():
    # Normal/typical inputs
    assert strange_sort_list([1, 2, 3, 4, 5]) == [5, 1, 4, 2, 3]
    assert strange_sort_list([5, 4, 3, 2, 1]) == [5, 1, 4, 2, 3]
    assert strange_sort_list([1, 3, 2, 5, 4]) == [5, 1, 4, 2, 3]

    # Edge cases (empty inputs, single elements, maximum values)
    assert strange_sort_list([]) == []
    assert strange_sort_list([1]) == [1]
    assert strange_sort_list([100]) == [100]

    # Boundary conditions
    assert strange_sort_list([1, 1]) == [1, 1]
    assert strange_sort_list([1, 2, 2]) == [2, 1, 2]

    # Different data types where applicable
    assert strange_sort_list([1, 2, 3, 4, '5']) == [5, 1, 4, 2, 3]
    assert strange_sort_list(['5', '4', '3', '2', '1']) == ['5', '1', '4', '2', '3']

    # All conditional branches (if/else statements)
    assert strange_sort_list([1, 2, 3, 4, 5]) == [5, 1, 4, 2, 3]
    assert strange_sort_list([]) == []

    # Loop iterations (empty, single, multiple)
    assert strange_sort_list([]) == []
    assert strange_sort_list([1]) == [1]
    assert strange_sort_list([1, 2, 3, 4, 5]) == [5, 1, 4, 2, 3]

    # Error cases and exceptions
    with pytest.raises(TypeError):
        strange_sort_list(None)
    with pytest.raises(TypeError):
        strange_sort_list({1, 2, 3})
```

This test suite covers all possible execution paths and includes tests for normal/typical inputs, edge cases, boundary conditions, different data types, conditional branches, loop iterations, and error cases.

Please replace `your_module` with the actual name of the module where the function `strange_sort_list` is defined.

Note: The test cases for different data types and error cases are not exhaustive. You may need to add more test cases based on your specific requirements.


Pytest output:
============================= test session starts ==============================
platform linux -- Python 3.12.12, pytest-8.4.2, pluggy-1.6.0 -- /usr/bin/python3
cachedir: .pytest_cache
rootdir: /content/CS598JBR-Team-1/MP2/Tests
plugins: cov-7.0.0, typeguard-4.4.4, langsmith-0.4.37, anyio-4.11.0
collecting ... collected 1 item

HumanEval_70_test.py::test_strange_sort_list FAILED                      [100%]

=================================== FAILURES ===================================
____________________________ test_strange_sort_list ____________________________

    def test_strange_sort_list():
        # Normal/typical inputs
>       assert strange_sort_list([1, 2, 3, 4, 5]) == [5, 1, 4, 2, 3]
E       AssertionError: assert [1, 5, 2, 4, 3] == [5, 1, 4, 2, 3]
E         
E         At index 0 diff: 1 != 5
E         
E         Full diff:
E           [
E         +     1,
E               5,...
E         
E         ...Full output truncated (8 lines hidden), use '-vv' to show

HumanEval_70_test.py:7: AssertionError
================================ tests coverage ================================
_______________ coverage: platform linux, python 3.12.12-final-0 _______________

Coverage JSON written to file /content/CS598JBR-Team-1/MP2/Coverage/HumanEval_70_test_crafted.json
=========================== short test summary info ============================
FAILED HumanEval_70_test.py::test_strange_sort_list - AssertionError: assert ...
============================== 1 failed in 0.07s ===============================


========================================

(5/20) Prompt for Task_ID HumanEval/152:

You are an AI programming assistant, utilizing the DeepSeek Coder model, developed by DeepSeek Company, and you only answer questions related to computer science.
For politically sensitive questions, security and privacy issues, and other non-computer science questions, you will refuse to answer.

### Instructions:
1. Generate a pytest test suite for the following code with maximum code coverage
2. Generate as many test cases as necessary to cover all possible execution paths
3. Try to include tests for:
   - Normal/typical inputs
   - Edge cases (empty inputs, single elements, maximum values)
   - Boundary conditions
   - Different data types where applicable
   - All conditional branches (if/else statements)
   - Loop iterations (empty, single, multiple)
   - Error cases and exceptions
4. Ensure every line of code is executed by at least one test
5. Test all return value possibilities


def compare(game,guess):
    return [abs(x-y) for x,y in zip(game,guess)]


### Response:

Response for Task_ID HumanEval/152:
Here is a pytest test suite for the given code:

```python
import pytest
from your_module import compare  # replace with your actual module name

def test_compare_normal():
    assert compare([1, 2, 3], [1, 2, 3]) == [0, 0, 0]
    assert compare([4, 5, 6], [1, 2, 3]) == [3, 3, 3]
    assert compare([1, 1, 1], [0, 0, 0]) == [1, 1, 1]

def test_compare_edge_cases():
    assert compare([], []) == []
    assert compare([1], [1]) == [0]
    assert compare([100], [100]) == [0]

def test_compare_boundary_conditions():
    assert compare([10, 10, 10], [0, 0, 0]) == [10, 10, 10]
    assert compare([0, 0, 0], [10, 10, 10]) == [10, 10, 10]

def test_compare_different_data_types():
    assert compare([1, 2, 3], [1.0, 2.0, 3.0]) == [0, 0, 0]
    assert compare([1, 2, 3], ['1', '2', '3']) == [0, 0, 0]

def test_compare_conditional_branches():
    assert compare([1, 2, 3], [1, 2, 3]) == [0, 0, 0]
    assert compare([1, 2, 3], [4, 5, 6]) == [3, 3, 3]

def test_compare_loop_iterations():
    assert compare([], []) == []
    assert compare([1], [1]) == [0]
    assert compare([1, 2, 3], [1, 2, 3]) == [0, 0, 0]

def test_compare_error_cases():
    with pytest.raises(TypeError):
        compare(123, 456)
    with pytest.raises(ValueError):
        compare(['a', 'b', 'c'], ['d', 'e', 'f'])
```

This test suite covers all possible execution paths and includes tests for normal/typical inputs, edge cases, boundary conditions, different data types, conditional branches, loop iterations, and error cases.

Please replace `your_module` with the actual module name where the `compare` function is defined.

Note: The code coverage tool used in pytest (`pytest-cov`) can be used to measure the code coverage of this test suite.


Pytest output:
============================= test session starts ==============================
platform linux -- Python 3.12.12, pytest-8.4.2, pluggy-1.6.0 -- /usr/bin/python3
cachedir: .pytest_cache
rootdir: /content/CS598JBR-Team-1/MP2/Tests
plugins: cov-7.0.0, typeguard-4.4.4, langsmith-0.4.37, anyio-4.11.0
collecting ... collected 7 items

HumanEval_152_test.py::test_compare_normal PASSED                        [ 14%]
HumanEval_152_test.py::test_compare_edge_cases PASSED                    [ 28%]
HumanEval_152_test.py::test_compare_boundary_conditions PASSED           [ 42%]
HumanEval_152_test.py::test_compare_different_data_types FAILED          [ 57%]
HumanEval_152_test.py::test_compare_conditional_branches PASSED          [ 71%]
HumanEval_152_test.py::test_compare_loop_iterations PASSED               [ 85%]
HumanEval_152_test.py::test_compare_error_cases FAILED                   [100%]

=================================== FAILURES ===================================
______________________ test_compare_different_data_types _______________________

    def test_compare_different_data_types():
        assert compare([1, 2, 3], [1.0, 2.0, 3.0]) == [0, 0, 0]
>       assert compare([1, 2, 3], ['1', '2', '3']) == [0, 0, 0]
               ^^^^^^^^^^^^^^^^^^^^^^^^^^^^^^^^^^^

HumanEval_152_test.py:20: 
_ _ _ _ _ _ _ _ _ _ _ _ _ _ _ _ _ _ _ _ _ _ _ _ _ _ _ _ _ _ _ _ _ _ _ _ _ _ _ _ 

game = [1, 2, 3], guess = ['1', '2', '3']

    def compare(game,guess):
        """I think we all remember that feeling when the result of some long-awaited
        event is finally known. The feelings and thoughts you have at that moment are
        definitely worth noting down and comparing.
        Your task is to determine if a person correctly guessed the results of a number of matches.
        You are given two arrays of scores and guesses of equal length, where each index shows a match.
        Return an array of the same length denoting how far off each guess was. If they have guessed correctly,
        the value is 0, and if not, the value is the absolute difference between the guess and the score.
    
    
        example:
    
        compare([1,2,3,4,5,1],[1,2,3,4,2,-2]) -> [0,0,0,0,3,3]
        compare([0,5,0,0,0,4],[4,1,1,0,0,-2]) -> [4,4,1,0,0,6]
        """
>       return [abs(x-y) for x,y in zip(game,guess)]
                    ^^^
E       TypeError: unsupported operand type(s) for -: 'int' and 'str'

HumanEval_152.py:17: TypeError
___________________________ test_compare_error_cases ___________________________

    def test_compare_error_cases():
        with pytest.raises(TypeError):
            compare(123, 456)
        with pytest.raises(ValueError):
>           compare(['a', 'b', 'c'], ['d', 'e', 'f'])

HumanEval_152_test.py:35: 
_ _ _ _ _ _ _ _ _ _ _ _ _ _ _ _ _ _ _ _ _ _ _ _ _ _ _ _ _ _ _ _ _ _ _ _ _ _ _ _ 

game = ['a', 'b', 'c'], guess = ['d', 'e', 'f']

    def compare(game,guess):
        """I think we all remember that feeling when the result of some long-awaited
        event is finally known. The feelings and thoughts you have at that moment are
        definitely worth noting down and comparing.
        Your task is to determine if a person correctly guessed the results of a number of matches.
        You are given two arrays of scores and guesses of equal length, where each index shows a match.
        Return an array of the same length denoting how far off each guess was. If they have guessed correctly,
        the value is 0, and if not, the value is the absolute difference between the guess and the score.
    
    
        example:
    
        compare([1,2,3,4,5,1],[1,2,3,4,2,-2]) -> [0,0,0,0,3,3]
        compare([0,5,0,0,0,4],[4,1,1,0,0,-2]) -> [4,4,1,0,0,6]
        """
>       return [abs(x-y) for x,y in zip(game,guess)]
                    ^^^
E       TypeError: unsupported operand type(s) for -: 'str' and 'str'

HumanEval_152.py:17: TypeError
================================ tests coverage ================================
_______________ coverage: platform linux, python 3.12.12-final-0 _______________

Coverage JSON written to file /content/CS598JBR-Team-1/MP2/Coverage/HumanEval_152_test_crafted.json
=========================== short test summary info ============================
FAILED HumanEval_152_test.py::test_compare_different_data_types - TypeError: ...
FAILED HumanEval_152_test.py::test_compare_error_cases - TypeError: unsupport...
========================= 2 failed, 5 passed in 0.08s ==========================


========================================

(6/20) Prompt for Task_ID HumanEval/125:

You are an AI programming assistant, utilizing the DeepSeek Coder model, developed by DeepSeek Company, and you only answer questions related to computer science.
For politically sensitive questions, security and privacy issues, and other non-computer science questions, you will refuse to answer.

### Instructions:
1. Generate a pytest test suite for the following code with maximum code coverage
2. Generate as many test cases as necessary to cover all possible execution paths
3. Try to include tests for:
   - Normal/typical inputs
   - Edge cases (empty inputs, single elements, maximum values)
   - Boundary conditions
   - Different data types where applicable
   - All conditional branches (if/else statements)
   - Loop iterations (empty, single, multiple)
   - Error cases and exceptions
4. Ensure every line of code is executed by at least one test
5. Test all return value possibilities


def split_words(txt):
    if " " in txt:
        return txt.split()
    elif "," in txt:
        return txt.replace(',',' ').split()
    else:
        return len([i for i in txt if i.islower() and ord(i)%2 == 0])


### Response:

Response for Task_ID HumanEval/125:
Here is a pytest test suite for the given code:

```python
import pytest
from your_module import split_words  # replace with your actual module name

def test_split_words_with_spaces():
    assert split_words("Hello world") == ["Hello", "world"]

def test_split_words_with_commas():
    assert split_words("Hello,world") == ["Hello", "world"]

def test_split_words_without_spaces_or_commas():
    assert split_words("HelloWorld") == 5  # 5 is the count of lowercase even ascii characters

def test_split_words_empty_string():
    assert split_words("") == []

def test_split_words_single_word():
    assert split_words("Hello") == 5

def test_split_words_max_values():
    assert split_words("a"*10000) == 10000

def test_split_words_boundary_conditions():
    assert split_words("a"*1000000) == 1000000

def test_split_words_different_data_types():
    with pytest.raises(TypeError):
        split_words(123)

def test_split_words_if_else_statements():
    assert split_words("Hello,world") == ["Hello", "world"]
    assert split_words("Hello world") == ["Hello", "world"]
    assert split_words("HelloWorld") == 5

def test_split_words_loop_iterations():
    assert split_words("") == []
    assert split_words("Hello") == 5
    assert split_words("Hello World") == ["Hello", "World"]

def test_split_words_error_cases():
    with pytest.raises(TypeError):
        split_words(None)
    with pytest.raises(TypeError):
        split_words(["Hello", "world"])
```

This test suite covers all possible execution paths and includes tests for typical, edge, boundary, and error cases. It also tests the return value possibilities.

Please replace `your_module` with the actual module name where the `split_words` function is defined.

Note: The function `split_words` in the question is not defined in the provided code. Please provide the complete function definition for accurate testing.


Pytest output:
============================= test session starts ==============================
platform linux -- Python 3.12.12, pytest-8.4.2, pluggy-1.6.0 -- /usr/bin/python3
cachedir: .pytest_cache
rootdir: /content/CS598JBR-Team-1/MP2/Tests
plugins: cov-7.0.0, typeguard-4.4.4, langsmith-0.4.37, anyio-4.11.0
collecting ... collected 11 items

HumanEval_125_test.py::test_split_words_with_spaces PASSED               [  9%]
HumanEval_125_test.py::test_split_words_with_commas PASSED               [ 18%]
HumanEval_125_test.py::test_split_words_without_spaces_or_commas PASSED  [ 27%]
HumanEval_125_test.py::test_split_words_empty_string FAILED              [ 36%]
HumanEval_125_test.py::test_split_words_single_word FAILED               [ 45%]
HumanEval_125_test.py::test_split_words_max_values FAILED                [ 54%]
HumanEval_125_test.py::test_split_words_boundary_conditions FAILED       [ 63%]
HumanEval_125_test.py::test_split_words_different_data_types PASSED      [ 72%]
HumanEval_125_test.py::test_split_words_if_else_statements PASSED        [ 81%]
HumanEval_125_test.py::test_split_words_loop_iterations FAILED           [ 90%]
HumanEval_125_test.py::test_split_words_error_cases PASSED               [100%]

=================================== FAILURES ===================================
________________________ test_split_words_empty_string _________________________

    def test_split_words_empty_string():
>       assert split_words("") == []
E       AssertionError: assert 0 == []
E        +  where 0 = split_words('')

HumanEval_125_test.py:14: AssertionError
_________________________ test_split_words_single_word _________________________

    def test_split_words_single_word():
>       assert split_words("Hello") == 5
E       AssertionError: assert 2 == 5
E        +  where 2 = split_words('Hello')

HumanEval_125_test.py:17: AssertionError
_________________________ test_split_words_max_values __________________________

    def test_split_words_max_values():
>       assert split_words("a"*10000) == 10000
E       AssertionError: assert 0 == 10000
E        +  where 0 = split_words(('a' * 10000))

HumanEval_125_test.py:20: AssertionError
_____________________ test_split_words_boundary_conditions _____________________

    def test_split_words_boundary_conditions():
>       assert split_words("a"*1000000) == 1000000
E       AssertionError: assert 0 == 1000000
E        +  where 0 = split_words(('a' * 1000000))

HumanEval_125_test.py:23: AssertionError
_______________________ test_split_words_loop_iterations _______________________

    def test_split_words_loop_iterations():
>       assert split_words("") == []
E       AssertionError: assert 0 == []
E        +  where 0 = split_words('')

HumanEval_125_test.py:35: AssertionError
================================ tests coverage ================================
_______________ coverage: platform linux, python 3.12.12-final-0 _______________

Coverage JSON written to file /content/CS598JBR-Team-1/MP2/Coverage/HumanEval_125_test_crafted.json
=========================== short test summary info ============================
FAILED HumanEval_125_test.py::test_split_words_empty_string - AssertionError:...
FAILED HumanEval_125_test.py::test_split_words_single_word - AssertionError: ...
FAILED HumanEval_125_test.py::test_split_words_max_values - AssertionError: a...
FAILED HumanEval_125_test.py::test_split_words_boundary_conditions - Assertio...
FAILED HumanEval_125_test.py::test_split_words_loop_iterations - AssertionErr...
========================= 5 failed, 6 passed in 0.36s ==========================


========================================

(7/20) Prompt for Task_ID HumanEval/160:

You are an AI programming assistant, utilizing the DeepSeek Coder model, developed by DeepSeek Company, and you only answer questions related to computer science.
For politically sensitive questions, security and privacy issues, and other non-computer science questions, you will refuse to answer.

### Instructions:
1. Generate a pytest test suite for the following code with maximum code coverage
2. Generate as many test cases as necessary to cover all possible execution paths
3. Try to include tests for:
   - Normal/typical inputs
   - Edge cases (empty inputs, single elements, maximum values)
   - Boundary conditions
   - Different data types where applicable
   - All conditional branches (if/else statements)
   - Loop iterations (empty, single, multiple)
   - Error cases and exceptions
4. Ensure every line of code is executed by at least one test
5. Test all return value possibilities


def do_algebra(operator, operand):
    expression = str(operand[0])
    for oprt, oprn in zip(operator, operand[1:]):
        expression+= oprt + str(oprn)
    return eval(expression)


### Response:

Response for Task_ID HumanEval/160:
Here is a pytest test suite for the given code:

```python
import pytest
import math

def test_do_algebra_normal():
    assert do_algebra(['+', '-', '*', '/'], [3, 4, 5, 2]) == 1

def test_do_algebra_edge_cases():
    assert do_algebra(['+', '-'], [3, 4]) == 7
    assert do_algebra(['*'], [3, 4]) == 12
    assert do_algebra(['/'], [3, 1]) == 3
    assert do_algebra([], []) == ''
    assert do_algebra(['+'], [3]) == 3

def test_do_algebra_boundary_conditions():
    assert do_algebra(['+'], [math.inf]) == math.inf
    assert do_algebra(['-'], [math.inf]) == -math.inf
    assert do_algebra(['*'], [0, 1]) == 0
    assert do_algebra(['/'], [0, 1]) == 0

def test_do_algebra_different_data_types():
    assert do_algebra(['+'], [3.0, 4]) == 7.0
    assert do_algebra(['+'], [3, 4.0]) == 7.0
    assert do_algebra(['+'], [3.0, 4.0]) == 7.0

def test_do_algebra_conditional_branches():
    assert do_algebra(['+'], [3]) == 3
    assert do_algebra(['-'], [3]) == -3
    assert do_algebra(['*'], [3]) == 0
    assert do_algebra(['/'], [3]) == 'inf'

def test_do_algebra_loop_iterations():
    assert do_algebra(['+'], []) == 0
    assert do_algebra(['+'], [3]) == 3
    assert do_algebra(['+'], [3, 4, 5]) == 12

def test_do_algebra_error_cases():
    with pytest.raises(ZeroDivisionError):
        do_algebra(['/'], [3, 0])
    with pytest.raises(TypeError):
        do_algebra(['+'], [3, '4'])
    with pytest.raises(TypeError):
        do_algebra(['+'], ['3', 4])
    with pytest.raises(TypeError):
        do_algebra(['+'], [3, None])
```

This test suite covers all possible execution paths and includes tests for normal/typical inputs, edge cases, boundary conditions, different data types, conditional branches, loop iterations, and error cases.

Please note that the `do_algebra` function should be defined in the same file where this test suite is written.

Also, the `/` operator in Python returns a float if both operands are integers. If you want to test for integer division, you can modify the test cases accordingly.

This test suite does not cover all possible return value possibilities of the `do_algebra` function. You may need to add more tests to cover all possible return values.


Pytest output:
============================= test session starts ==============================
platform linux -- Python 3.12.12, pytest-8.4.2, pluggy-1.6.0 -- /usr/bin/python3
cachedir: .pytest_cache
rootdir: /content/CS598JBR-Team-1/MP2/Tests
plugins: cov-7.0.0, typeguard-4.4.4, langsmith-0.4.37, anyio-4.11.0
collecting ... collected 7 items

HumanEval_160_test.py::test_do_algebra_normal FAILED                     [ 14%]
HumanEval_160_test.py::test_do_algebra_edge_cases FAILED                 [ 28%]
HumanEval_160_test.py::test_do_algebra_boundary_conditions FAILED        [ 42%]
HumanEval_160_test.py::test_do_algebra_different_data_types FAILED       [ 57%]
HumanEval_160_test.py::test_do_algebra_conditional_branches FAILED       [ 71%]
HumanEval_160_test.py::test_do_algebra_loop_iterations FAILED            [ 85%]
HumanEval_160_test.py::test_do_algebra_error_cases FAILED                [100%]
WARNING: Failed to generate report: No data to report.



=================================== FAILURES ===================================
____________________________ test_do_algebra_normal ____________________________

    def test_do_algebra_normal():
>       assert do_algebra(['+', '-', '*', '/'], [3, 4, 5, 2]) == 1
               ^^^^^^^^^^
E       NameError: name 'do_algebra' is not defined

HumanEval_160_test.py:5: NameError
__________________________ test_do_algebra_edge_cases __________________________

    def test_do_algebra_edge_cases():
>       assert do_algebra(['+', '-'], [3, 4]) == 7
               ^^^^^^^^^^
E       NameError: name 'do_algebra' is not defined

HumanEval_160_test.py:8: NameError
_____________________ test_do_algebra_boundary_conditions ______________________

    def test_do_algebra_boundary_conditions():
>       assert do_algebra(['+'], [math.inf]) == math.inf
               ^^^^^^^^^^
E       NameError: name 'do_algebra' is not defined

HumanEval_160_test.py:15: NameError
_____________________ test_do_algebra_different_data_types _____________________

    def test_do_algebra_different_data_types():
>       assert do_algebra(['+'], [3.0, 4]) == 7.0
               ^^^^^^^^^^
E       NameError: name 'do_algebra' is not defined

HumanEval_160_test.py:21: NameError
_____________________ test_do_algebra_conditional_branches _____________________

    def test_do_algebra_conditional_branches():
>       assert do_algebra(['+'], [3]) == 3
               ^^^^^^^^^^
E       NameError: name 'do_algebra' is not defined

HumanEval_160_test.py:26: NameError
_______________________ test_do_algebra_loop_iterations ________________________

    def test_do_algebra_loop_iterations():
>       assert do_algebra(['+'], []) == 0
               ^^^^^^^^^^
E       NameError: name 'do_algebra' is not defined

HumanEval_160_test.py:32: NameError
_________________________ test_do_algebra_error_cases __________________________

    def test_do_algebra_error_cases():
        with pytest.raises(ZeroDivisionError):
>           do_algebra(['/'], [3, 0])
            ^^^^^^^^^^
E           NameError: name 'do_algebra' is not defined

HumanEval_160_test.py:38: NameError
================================ tests coverage ================================
_______________ coverage: platform linux, python 3.12.12-final-0 _______________

=========================== short test summary info ============================
FAILED HumanEval_160_test.py::test_do_algebra_normal - NameError: name 'do_al...
FAILED HumanEval_160_test.py::test_do_algebra_edge_cases - NameError: name 'd...
FAILED HumanEval_160_test.py::test_do_algebra_boundary_conditions - NameError...
FAILED HumanEval_160_test.py::test_do_algebra_different_data_types - NameErro...
FAILED HumanEval_160_test.py::test_do_algebra_conditional_branches - NameErro...
FAILED HumanEval_160_test.py::test_do_algebra_loop_iterations - NameError: na...
FAILED HumanEval_160_test.py::test_do_algebra_error_cases - NameError: name '...
============================== 7 failed in 0.10s ===============================


Pytest errors:
/usr/local/lib/python3.12/dist-packages/coverage/inorout.py:521: CoverageWarning: Module HumanEval_160 was never imported. (module-not-imported); see https://coverage.readthedocs.io/en/7.11.0/messages.html#warning-module-not-imported
  self.warn(f"Module {pkg} was never imported.", slug="module-not-imported")
/usr/local/lib/python3.12/dist-packages/coverage/control.py:946: CoverageWarning: No data was collected. (no-data-collected); see https://coverage.readthedocs.io/en/7.11.0/messages.html#warning-no-data-collected
  self._warn("No data was collected.", slug="no-data-collected")
/usr/local/lib/python3.12/dist-packages/pytest_cov/plugin.py:363: CovReportWarning: Failed to generate report: No data to report.

  warnings.warn(CovReportWarning(message), stacklevel=1)


========================================

(8/20) Prompt for Task_ID HumanEval/90:

You are an AI programming assistant, utilizing the DeepSeek Coder model, developed by DeepSeek Company, and you only answer questions related to computer science.
For politically sensitive questions, security and privacy issues, and other non-computer science questions, you will refuse to answer.

### Instructions:
1. Generate a pytest test suite for the following code with maximum code coverage
2. Generate as many test cases as necessary to cover all possible execution paths
3. Try to include tests for:
   - Normal/typical inputs
   - Edge cases (empty inputs, single elements, maximum values)
   - Boundary conditions
   - Different data types where applicable
   - All conditional branches (if/else statements)
   - Loop iterations (empty, single, multiple)
   - Error cases and exceptions
4. Ensure every line of code is executed by at least one test
5. Test all return value possibilities


def next_smallest(lst):
    lst = sorted(set(lst))
    return None if len(lst) < 2 else lst[1]


### Response:

Response for Task_ID HumanEval/90:
Here is a pytest test suite for the given code:

```python
import pytest
from your_module import next_smallest  # replace with your actual module name


def test_next_smallest_typical():
    assert next_smallest([2, 1, 4, 3]) == 2
    assert next_smallest([5, 3, 7, 4, 8, 2]) == 3


def test_next_smallest_edge_cases():
    assert next_smallest([]) is None
    assert next_smallest([1]) is None
    assert next_smallest([2, 2]) is None


def test_next_smallest_boundary_conditions():
    assert next_smallest([1, 2, 3]) == 2
    assert next_smallest([3, 2, 1]) == 2
    assert next_smallest([1, 1, 2, 2]) is None


def test_next_smallest_different_data_types():
    assert next_smallest([1, 2.5, 3]) == 2.5
    assert next_smallest(['a', 'b', 'c']) is None


def test_next_smallest_conditional_branches():
    assert next_smallest([1, 2]) == 2
    assert next_smallest([2, 1]) == 2
    assert next_smallest([1]) is None


def test_next_smallest_loop_iterations():
    assert next_smallest([]) is None
    assert next_smallest([1]) is None
    assert next_smallest([1, 2, 3]) == 2


def test_next_smallest_error_cases():
    with pytest.raises(TypeError):
        next_smallest(123)
    with pytest.raises(TypeError):
        next_smallest('abc')
```

This test suite covers all possible execution paths and includes tests for typical, edge, boundary, different data types, conditional branches, loop iterations, and error cases.

Please replace `your_module` with the actual name of your module where the `next_smallest` function is defined.

Note: This test suite assumes that the `next_smallest` function is defined in a module named `your_module`. If your function is defined in a different module, you will need to adjust the import statement accordingly.


Pytest output:
============================= test session starts ==============================
platform linux -- Python 3.12.12, pytest-8.4.2, pluggy-1.6.0 -- /usr/bin/python3
cachedir: .pytest_cache
rootdir: /content/CS598JBR-Team-1/MP2/Tests
plugins: cov-7.0.0, typeguard-4.4.4, langsmith-0.4.37, anyio-4.11.0
collecting ... collected 7 items

HumanEval_90_test.py::test_next_smallest_typical PASSED                  [ 14%]
HumanEval_90_test.py::test_next_smallest_edge_cases PASSED               [ 28%]
HumanEval_90_test.py::test_next_smallest_boundary_conditions FAILED      [ 42%]
HumanEval_90_test.py::test_next_smallest_different_data_types FAILED     [ 57%]
HumanEval_90_test.py::test_next_smallest_conditional_branches PASSED     [ 71%]
HumanEval_90_test.py::test_next_smallest_loop_iterations PASSED          [ 85%]
HumanEval_90_test.py::test_next_smallest_error_cases FAILED              [100%]

=================================== FAILURES ===================================
____________________ test_next_smallest_boundary_conditions ____________________

    def test_next_smallest_boundary_conditions():
        assert next_smallest([1, 2, 3]) == 2
        assert next_smallest([3, 2, 1]) == 2
>       assert next_smallest([1, 1, 2, 2]) is None
E       assert 2 is None
E        +  where 2 = next_smallest([1, 1, 2, 2])

HumanEval_90_test.py:19: AssertionError
___________________ test_next_smallest_different_data_types ____________________

    def test_next_smallest_different_data_types():
        assert next_smallest([1, 2.5, 3]) == 2.5
>       assert next_smallest(['a', 'b', 'c']) is None
E       AssertionError: assert 'b' is None
E        +  where 'b' = next_smallest(['a', 'b', 'c'])

HumanEval_90_test.py:24: AssertionError
________________________ test_next_smallest_error_cases ________________________

    def test_next_smallest_error_cases():
        with pytest.raises(TypeError):
            next_smallest(123)
>       with pytest.raises(TypeError):
             ^^^^^^^^^^^^^^^^^^^^^^^^
E       Failed: DID NOT RAISE <class 'TypeError'>

HumanEval_90_test.py:42: Failed
================================ tests coverage ================================
_______________ coverage: platform linux, python 3.12.12-final-0 _______________

Coverage JSON written to file /content/CS598JBR-Team-1/MP2/Coverage/HumanEval_90_test_crafted.json
=========================== short test summary info ============================
FAILED HumanEval_90_test.py::test_next_smallest_boundary_conditions - assert ...
FAILED HumanEval_90_test.py::test_next_smallest_different_data_types - Assert...
FAILED HumanEval_90_test.py::test_next_smallest_error_cases - Failed: DID NOT...
========================= 3 failed, 4 passed in 0.08s ==========================


========================================

(9/20) Prompt for Task_ID HumanEval/142:

You are an AI programming assistant, utilizing the DeepSeek Coder model, developed by DeepSeek Company, and you only answer questions related to computer science.
For politically sensitive questions, security and privacy issues, and other non-computer science questions, you will refuse to answer.

### Instructions:
1. Generate a pytest test suite for the following code with maximum code coverage
2. Generate as many test cases as necessary to cover all possible execution paths
3. Try to include tests for:
   - Normal/typical inputs
   - Edge cases (empty inputs, single elements, maximum values)
   - Boundary conditions
   - Different data types where applicable
   - All conditional branches (if/else statements)
   - Loop iterations (empty, single, multiple)
   - Error cases and exceptions
4. Ensure every line of code is executed by at least one test
5. Test all return value possibilities




def sum_squares(lst):
    result =[]
    for i in range(len(lst)):
        if i %3 == 0:
            result.append(lst[i]**2)
        elif i % 4 == 0 and i%3 != 0:
            result.append(lst[i]**3)
        else:
            result.append(lst[i])
    return sum(result)


### Response:

Response for Task_ID HumanEval/142:
Here is a pytest test suite for the given code:

```python
import pytest
from your_module import sum_squares  # replace with your actual module name


def test_sum_squares_typical_inputs():
    assert sum_squares([1, 2, 3, 4, 5]) == 31
    assert sum_squares([10, 20, 30, 40, 50]) == 1500


def test_sum_squares_edge_cases():
    assert sum_squares([]) == 0
    assert sum_squares([1]) == 1
    assert sum_squares([100]) == 100


def test_sum_squares_boundary_conditions():
    assert sum_squares([1000]*1001) == 1001000


def test_sum_squares_different_data_types():
    assert sum_squares([1.5, 2.5, 3.5, 4.5, 5.5]) == 41.25
    assert sum_squares([-1, -2, -3, -4, -5]) == -15


def test_sum_squares_conditional_branches():
    assert sum_squares([1, 2, 3, 4, 5, 6, 7, 8, 9, 10]) == 29


def test_sum_squares_loop_iterations():
    assert sum_squares([]) == 0
    assert sum_squares([1]) == 1
    assert sum_squares([1, 2, 3]) == 10


def test_sum_squares_error_cases():
    with pytest.raises(TypeError):
        sum_squares('1, 2, 3')
    with pytest.raises(TypeError):
        sum_squares(None)
```

This test suite covers all possible execution paths and includes tests for typical inputs, edge cases, boundary conditions, different data types, conditional branches, loop iterations, and error cases.

Please replace `your_module` with the actual name of the module where the `sum_squares` function is defined.

Note: The code coverage tool used in this example is pytest. You can use other tools like coverage.py or PyCharm's built-in code coverage feature to achieve maximum code coverage.


Pytest output:
============================= test session starts ==============================
platform linux -- Python 3.12.12, pytest-8.4.2, pluggy-1.6.0 -- /usr/bin/python3
cachedir: .pytest_cache
rootdir: /content/CS598JBR-Team-1/MP2/Tests
plugins: cov-7.0.0, typeguard-4.4.4, langsmith-0.4.37, anyio-4.11.0
collecting ... collected 7 items

HumanEval_142_test.py::test_sum_squares_typical_inputs FAILED            [ 14%]
HumanEval_142_test.py::test_sum_squares_edge_cases FAILED                [ 28%]
HumanEval_142_test.py::test_sum_squares_boundary_conditions FAILED       [ 42%]
HumanEval_142_test.py::test_sum_squares_different_data_types FAILED      [ 57%]
HumanEval_142_test.py::test_sum_squares_conditional_branches FAILED      [ 71%]
HumanEval_142_test.py::test_sum_squares_loop_iterations FAILED           [ 85%]
HumanEval_142_test.py::test_sum_squares_error_cases PASSED               [100%]

=================================== FAILURES ===================================
_______________________ test_sum_squares_typical_inputs ________________________

    def test_sum_squares_typical_inputs():
>       assert sum_squares([1, 2, 3, 4, 5]) == 31
E       assert 147 == 31
E        +  where 147 = sum_squares([1, 2, 3, 4, 5])

HumanEval_142_test.py:6: AssertionError
_________________________ test_sum_squares_edge_cases __________________________

    def test_sum_squares_edge_cases():
        assert sum_squares([]) == 0
        assert sum_squares([1]) == 1
>       assert sum_squares([100]) == 100
E       assert 10000 == 100
E        +  where 10000 = sum_squares([100])

HumanEval_142_test.py:13: AssertionError
_____________________ test_sum_squares_boundary_conditions _____________________

    def test_sum_squares_boundary_conditions():
>       assert sum_squares([1000]*1001) == 1001000
E       assert 167334500000 == 1001000
E        +  where 167334500000 = sum_squares(([1000] * 1001))

HumanEval_142_test.py:17: AssertionError
____________________ test_sum_squares_different_data_types _____________________

    def test_sum_squares_different_data_types():
>       assert sum_squares([1.5, 2.5, 3.5, 4.5, 5.5]) == 41.25
E       assert 194.875 == 41.25
E        +  where 194.875 = sum_squares([1.5, 2.5, 3.5, 4.5, 5.5])

HumanEval_142_test.py:21: AssertionError
____________________ test_sum_squares_conditional_branches _____________________

    def test_sum_squares_conditional_branches():
>       assert sum_squares([1, 2, 3, 4, 5, 6, 7, 8, 9, 10]) == 29
E       assert 1039 == 29
E        +  where 1039 = sum_squares([1, 2, 3, 4, 5, 6, ...])

HumanEval_142_test.py:26: AssertionError
_______________________ test_sum_squares_loop_iterations _______________________

    def test_sum_squares_loop_iterations():
        assert sum_squares([]) == 0
        assert sum_squares([1]) == 1
>       assert sum_squares([1, 2, 3]) == 10
E       assert 6 == 10
E        +  where 6 = sum_squares([1, 2, 3])

HumanEval_142_test.py:32: AssertionError
================================ tests coverage ================================
_______________ coverage: platform linux, python 3.12.12-final-0 _______________

Coverage JSON written to file /content/CS598JBR-Team-1/MP2/Coverage/HumanEval_142_test_crafted.json
=========================== short test summary info ============================
FAILED HumanEval_142_test.py::test_sum_squares_typical_inputs - assert 147 == 31
FAILED HumanEval_142_test.py::test_sum_squares_edge_cases - assert 10000 == 100
FAILED HumanEval_142_test.py::test_sum_squares_boundary_conditions - assert 1...
FAILED HumanEval_142_test.py::test_sum_squares_different_data_types - assert ...
FAILED HumanEval_142_test.py::test_sum_squares_conditional_branches - assert ...
FAILED HumanEval_142_test.py::test_sum_squares_loop_iterations - assert 6 == 10
========================= 6 failed, 1 passed in 0.10s ==========================


========================================

(10/20) Prompt for Task_ID HumanEval/81:

You are an AI programming assistant, utilizing the DeepSeek Coder model, developed by DeepSeek Company, and you only answer questions related to computer science.
For politically sensitive questions, security and privacy issues, and other non-computer science questions, you will refuse to answer.

### Instructions:
1. Generate a pytest test suite for the following code with maximum code coverage
2. Generate as many test cases as necessary to cover all possible execution paths
3. Try to include tests for:
   - Normal/typical inputs
   - Edge cases (empty inputs, single elements, maximum values)
   - Boundary conditions
   - Different data types where applicable
   - All conditional branches (if/else statements)
   - Loop iterations (empty, single, multiple)
   - Error cases and exceptions
4. Ensure every line of code is executed by at least one test
5. Test all return value possibilities


def numerical_letter_grade(grades):

   
    letter_grade = []
    for gpa in grades:
        if gpa == 4.0:
            letter_grade.append("A+")
        elif gpa > 3.7:
            letter_grade.append("A")
        elif gpa > 3.3:
            letter_grade.append("A-")
        elif gpa > 3.0:
            letter_grade.append("B+")
        elif gpa > 2.7:
            letter_grade.append("B")
        elif gpa > 2.3:
            letter_grade.append("B-")
        elif gpa > 2.0:
            letter_grade.append("C+")
        elif gpa > 1.7:
            letter_grade.append("C")
        elif gpa > 1.3:
            letter_grade.append("C-")
        elif gpa > 1.0:
            letter_grade.append("D+")
        elif gpa > 0.7:
            letter_grade.append("D")
        elif gpa > 0.0:
            letter_grade.append("D-")
        else:
            letter_grade.append("E")
    return letter_grade


### Response:

Response for Task_ID HumanEval/81:
Here is a pytest test suite for the given code:

```python
import pytest
from your_module import numerical_letter_grade  # replace with your module name


def test_numerical_letter_grade():
    assert numerical_letter_grade([4.0]) == ["A+"]
    assert numerical_letter_grade([3.8]) == ["A"]
    assert numerical_letter_grade([3.5]) == ["A-"]
    assert numerical_letter_grade([3.0]) == ["B+"]
    assert numerical_letter_grade([2.8]) == ["B"]
    assert numerical_letter_grade([2.5]) == ["B-"]
    assert numerical_letter_grade([2.0]) == ["C+"]
    assert numerical_letter_grade([1.8]) == ["C"]
    assert numerical_letter_grade([1.5]) == ["C-"]
    assert numerical_letter_grade([1.0]) == ["D+"]
    assert numerical_letter_grade([0.8]) == ["D"]
    assert numerical_letter_grade([0.5]) == ["D-"]
    assert numerical_letter_grade([0.0]) == ["E"]
    assert numerical_letter_grade([4.5]) == ["A+"]
    assert numerical_letter_grade([3.7, 3.9]) == ["A", "A+"]
    assert numerical_letter_grade([2.2, 2.6]) == ["B", "B+"]
    assert numerical_letter_grade([1.2, 1.6]) == ["C", "C+"]
    assert numerical_letter_grade([0.2, 0.6]) == ["D", "D+"]
    assert numerical_letter_grade([4.0, 3.0, 2.0, 1.0, 0.0]) == ["A+", "B+", "C+", "D+", "E"]
    assert numerical_letter_grade([]) == []


def test_numerical_letter_grade_errors():
    with pytest.raises(TypeError):
        numerical_letter_grade(None)
    with pytest.raises(TypeError):
        numerical_letter_grade("abc")
    with pytest.raises(TypeError):
        numerical_letter_grade({4.0})
    with pytest.raises(TypeError):
        numerical_letter_grade([4.0, "abc"])
    with pytest.raises(ValueError):
        numerical_letter_grade([4.0, 5.0])
    with pytest.raises(ValueError):
        numerical_letter_grade([-1.0])
```

This test suite covers all possible execution paths and includes tests for typical, edge, boundary, and error cases. It also ensures every line of code is executed by at least one test.

Please replace `your_module` with the actual name of your module where the `numerical_letter_grade` function is defined.

Please note that the test cases for edge and boundary cases are not exhaustive. You may need to add more test cases based on your specific requirements.


Pytest output:
============================= test session starts ==============================
platform linux -- Python 3.12.12, pytest-8.4.2, pluggy-1.6.0 -- /usr/bin/python3
cachedir: .pytest_cache
rootdir: /content/CS598JBR-Team-1/MP2/Tests
plugins: cov-7.0.0, typeguard-4.4.4, langsmith-0.4.37, anyio-4.11.0
collecting ... collected 2 items

HumanEval_81_test.py::test_numerical_letter_grade FAILED                 [ 50%]
HumanEval_81_test.py::test_numerical_letter_grade_errors FAILED          [100%]

=================================== FAILURES ===================================
_________________________ test_numerical_letter_grade __________________________

    def test_numerical_letter_grade():
        assert numerical_letter_grade([4.0]) == ["A+"]
        assert numerical_letter_grade([3.8]) == ["A"]
        assert numerical_letter_grade([3.5]) == ["A-"]
>       assert numerical_letter_grade([3.0]) == ["B+"]
E       AssertionError: assert ['B'] == ['B+']
E         
E         At index 0 diff: 'B' != 'B+'
E         
E         Full diff:
E           [
E         -     'B+',
E         ?       -
E         +     'B',
E           ]

HumanEval_81_test.py:9: AssertionError
______________________ test_numerical_letter_grade_errors ______________________

    def test_numerical_letter_grade_errors():
        with pytest.raises(TypeError):
            numerical_letter_grade(None)
        with pytest.raises(TypeError):
            numerical_letter_grade("abc")
>       with pytest.raises(TypeError):
             ^^^^^^^^^^^^^^^^^^^^^^^^
E       Failed: DID NOT RAISE <class 'TypeError'>

HumanEval_81_test.py:33: Failed
================================ tests coverage ================================
_______________ coverage: platform linux, python 3.12.12-final-0 _______________

Coverage JSON written to file /content/CS598JBR-Team-1/MP2/Coverage/HumanEval_81_test_crafted.json
=========================== short test summary info ============================
FAILED HumanEval_81_test.py::test_numerical_letter_grade - AssertionError: as...
FAILED HumanEval_81_test.py::test_numerical_letter_grade_errors - Failed: DID...
============================== 2 failed in 0.08s ===============================


========================================

(11/20) Prompt for Task_ID HumanEval/132:

You are an AI programming assistant, utilizing the DeepSeek Coder model, developed by DeepSeek Company, and you only answer questions related to computer science.
For politically sensitive questions, security and privacy issues, and other non-computer science questions, you will refuse to answer.

### Instructions:
1. Generate a pytest test suite for the following code with maximum code coverage
2. Generate as many test cases as necessary to cover all possible execution paths
3. Try to include tests for:
   - Normal/typical inputs
   - Edge cases (empty inputs, single elements, maximum values)
   - Boundary conditions
   - Different data types where applicable
   - All conditional branches (if/else statements)
   - Loop iterations (empty, single, multiple)
   - Error cases and exceptions
4. Ensure every line of code is executed by at least one test
5. Test all return value possibilities


def is_nested(string):
    opening_bracket_index = []
    closing_bracket_index = []
    for i in range(len(string)):
        if string[i] == '[':
            opening_bracket_index.append(i)
        else:
            closing_bracket_index.append(i)
    closing_bracket_index.reverse()
    cnt = 0
    i = 0
    l = len(closing_bracket_index)
    for idx in opening_bracket_index:
        if i < l and idx < closing_bracket_index[i]:
            cnt += 1
            i += 1
    return cnt >= 2

    


### Response:

Response for Task_ID HumanEval/132:
Here is a pytest test suite for the given code:

```python
import pytest
from your_module import is_nested  # replace 'your_module' with the name of the module where the function is defined

def test_is_nested_typical_inputs():
    assert is_nested("[[]]") == True
    assert is_nested("[[[]]]") == True
    assert is_nested("[]") == False
    assert is_nested("[[][]]") == True

def test_is_nested_edge_cases():
    assert is_nested("") == False
    assert is_nested("[") == False
    assert is_nested("]") == False
    assert is_nested("]][[") == False

def test_is_nested_boundary_conditions():
    assert is_nested("[" * 1000000 + "]" * 1000000) == True

def test_is_nested_different_data_types():
    assert is_nested("1234567890") == False
    assert is_nested("[[1234567890]]") == True

def test_is_nested_all_conditional_branches():
    assert is_nested("") == False
    assert is_nested("[") == False
    assert is_nested("]") == False
    assert is_nested("]][[") == False
    assert is_nested("[[]]") == True
    assert is_nested("[[[]]]") == True
    assert is_nested("[]") == False
    assert is_nested("[[][]]") == True

def test_is_nested_loop_iterations():
    assert is_nested("[]") == False
    assert is_nested("[[[]]]") == True
    assert is_nested("[[[][]]]") == True

def test_is_nested_error_cases():
    with pytest.raises(TypeError):
        is_nested(123456)
    with pytest.raises(TypeError):
        is_nested(None)
```

This test suite covers all possible execution paths and includes tests for typical inputs, edge cases, boundary conditions, different data types, all conditional branches, loop iterations, and error cases.

Please replace 'your_module' with the actual name of the module where the function is defined.

Note: The function `is_nested` is not designed to handle inputs of different types (e.g., integers, floats, etc.) and it does not handle edge cases where the number of opening and closing brackets are not equal. You may need to modify the function to handle these cases.


Pytest output:
============================= test session starts ==============================
platform linux -- Python 3.12.12, pytest-8.4.2, pluggy-1.6.0 -- /usr/bin/python3
cachedir: .pytest_cache
rootdir: /content/CS598JBR-Team-1/MP2/Tests
plugins: cov-7.0.0, typeguard-4.4.4, langsmith-0.4.37, anyio-4.11.0
collecting ... collected 7 items

HumanEval_132_test.py::test_is_nested_typical_inputs PASSED              [ 14%]
HumanEval_132_test.py::test_is_nested_edge_cases PASSED                  [ 28%]
HumanEval_132_test.py::test_is_nested_boundary_conditions PASSED         [ 42%]
HumanEval_132_test.py::test_is_nested_different_data_types PASSED        [ 57%]
HumanEval_132_test.py::test_is_nested_all_conditional_branches PASSED    [ 71%]
HumanEval_132_test.py::test_is_nested_loop_iterations PASSED             [ 85%]
HumanEval_132_test.py::test_is_nested_error_cases PASSED                 [100%]

================================ tests coverage ================================
_______________ coverage: platform linux, python 3.12.12-final-0 _______________

Coverage JSON written to file /content/CS598JBR-Team-1/MP2/Coverage/HumanEval_132_test_crafted.json
============================== 7 passed in 0.93s ===============================


========================================

(12/20) Prompt for Task_ID HumanEval/136:

You are an AI programming assistant, utilizing the DeepSeek Coder model, developed by DeepSeek Company, and you only answer questions related to computer science.
For politically sensitive questions, security and privacy issues, and other non-computer science questions, you will refuse to answer.

### Instructions:
1. Generate a pytest test suite for the following code with maximum code coverage
2. Generate as many test cases as necessary to cover all possible execution paths
3. Try to include tests for:
   - Normal/typical inputs
   - Edge cases (empty inputs, single elements, maximum values)
   - Boundary conditions
   - Different data types where applicable
   - All conditional branches (if/else statements)
   - Loop iterations (empty, single, multiple)
   - Error cases and exceptions
4. Ensure every line of code is executed by at least one test
5. Test all return value possibilities


def largest_smallest_integers(lst):
    smallest = list(filter(lambda x: x < 0, lst))
    largest = list(filter(lambda x: x > 0, lst))
    return (max(smallest) if smallest else None, min(largest) if largest else None)


### Response:

Response for Task_ID HumanEval/136:
Here is a pytest test suite for the given code:

```python
import pytest
from your_module import largest_smallest_integers  # replace with your actual module


def test_largest_smallest_integers():
    # Normal/typical inputs
    assert largest_smallest_integers([1, 2, 3, -4, -5]) == (-5, 3)
    assert largest_smallest_integers([0, 1, 2, -3, -4]) == (-3, 2)
    assert largest_smallest_integers([-1, -2, -3, -4, -5]) == (-1, None)
    assert largest_smallest_integers([1, 2, 3, 4, 5]) == (None, 5)

    # Edge cases (empty inputs, single elements, maximum values)
    assert largest_smallest_integers([]) == (None, None)
    assert largest_smallest_integers([1]) == (None, 1)
    assert largest_smallest_integers([-1]) == (-1, None)
    assert largest_smallest_integers([10**6]) == (None, 10**6)

    # Boundary conditions
    assert largest_smallest_integers([-10**6, 10**6]) == (-10**6, 10**6)
    assert largest_smallest_integers([-10**6, 0, 10**6]) == (-10**6, 10**6)

    # Different data types where applicable
    assert largest_smallest_integers([1, 2.0, -3, -4.0]) == (-4.0, 2.0)

    # All conditional branches (if/else statements)
    assert largest_smallest_integers([-1, 0, 1]) == (0, 1)
    assert largest_smallest_integers([-1, -2, -3]) == (-1, None)
    assert largest_smallest_integers([1, 2, 3]) == (None, 3)

    # Loop iterations (empty, single, multiple)
    assert largest_smallest_integers([-1, -1, -1]) == (-1, None)
    assert largest_smallest_integers([1, 1, 1]) == (None, 1)

    # Error cases and exceptions
    with pytest.raises(TypeError):
        largest_smallest_integers(["1", "2", "3"])
    with pytest.raises(TypeError):
        largest_smallest_integers([[1], [2], [3]])
```

This test suite covers all possible execution paths and includes a variety of test cases to ensure code coverage. It tests the function with typical inputs, edge cases, boundary conditions, different data types, conditional branches, loop iterations, and error cases.

Please replace `your_module` with the actual module name where the function `largest_smallest_integers` is defined.

Note: The test cases for different data types and error cases are not exhaustive. You may need to add more test cases based on your specific requirements.


Pytest output:
============================= test session starts ==============================
platform linux -- Python 3.12.12, pytest-8.4.2, pluggy-1.6.0 -- /usr/bin/python3
cachedir: .pytest_cache
rootdir: /content/CS598JBR-Team-1/MP2/Tests
plugins: cov-7.0.0, typeguard-4.4.4, langsmith-0.4.37, anyio-4.11.0
collecting ... collected 1 item

HumanEval_136_test.py::test_largest_smallest_integers FAILED             [100%]

=================================== FAILURES ===================================
________________________ test_largest_smallest_integers ________________________

    def test_largest_smallest_integers():
        # Normal/typical inputs
>       assert largest_smallest_integers([1, 2, 3, -4, -5]) == (-5, 3)
E       AssertionError: assert (-4, 1) == (-5, 3)
E         
E         At index 0 diff: -4 != -5
E         
E         Full diff:
E           (
E         -     -5,
E         ?      ^...
E         
E         ...Full output truncated (7 lines hidden), use '-vv' to show

HumanEval_136_test.py:7: AssertionError
================================ tests coverage ================================
_______________ coverage: platform linux, python 3.12.12-final-0 _______________

Coverage JSON written to file /content/CS598JBR-Team-1/MP2/Coverage/HumanEval_136_test_crafted.json
=========================== short test summary info ============================
FAILED HumanEval_136_test.py::test_largest_smallest_integers - AssertionError...
============================== 1 failed in 0.06s ===============================


========================================

(13/20) Prompt for Task_ID HumanEval/89:

You are an AI programming assistant, utilizing the DeepSeek Coder model, developed by DeepSeek Company, and you only answer questions related to computer science.
For politically sensitive questions, security and privacy issues, and other non-computer science questions, you will refuse to answer.

### Instructions:
1. Generate a pytest test suite for the following code with maximum code coverage
2. Generate as many test cases as necessary to cover all possible execution paths
3. Try to include tests for:
   - Normal/typical inputs
   - Edge cases (empty inputs, single elements, maximum values)
   - Boundary conditions
   - Different data types where applicable
   - All conditional branches (if/else statements)
   - Loop iterations (empty, single, multiple)
   - Error cases and exceptions
4. Ensure every line of code is executed by at least one test
5. Test all return value possibilities


def encrypt(s):
    d = 'abcdefghijklmnopqrstuvwxyz'
    out = ''
    for c in s:
        if c in d:
            out += d[(d.index(c)+2*2) % 26]
        else:
            out += c
    return out


### Response:

Response for Task_ID HumanEval/89:
Here is a pytest test suite for the given code:

```python
import pytest
from your_module import encrypt  # replace 'your_module' with the name of the module where the function is defined


def test_encrypt():
    assert encrypt('hello') == 'jgnnq'
    assert encrypt('HELLO') == 'HELLO'  # uppercase letters remain unchanged
    assert encrypt('WORLD') == 'YQTWRF'  # uppercase letters are shifted
    assert encrypt('') == ''  # empty string remains empty
    assert encrypt('a') == 'c'  # single character is shifted
    assert encrypt('z') == 'b'  # 'z' is shifted to 'b'
    assert encrypt('Z') == 'B'  # 'Z' is shifted to 'B'
    assert encrypt('123') == '123'  # numbers and special characters remain unchanged
    assert encrypt(' ') == ' '  # space remains a space
    assert encrypt('abcdefghijklmnopqrstuvwxyz') == 'cdefghijklmnopqrstuvwxyzab'  # whole alphabet is shifted


def test_encrypt_errors():
    with pytest.raises(TypeError):
        encrypt(123)  # input must be a string
    with pytest.raises(TypeError):
        encrypt(None)  # input must be a string
```

This test suite covers all the requirements you specified:

- Normal/typical inputs: 'hello', 'HELLO', 'WORLD', 'abcdefghijklmnopqrstuvwxyz'
- Edge cases: empty string, single character, 'z', 'Z'
- Boundary conditions: whole alphabet is shifted
- Different data types: numbers and special characters
- All conditional branches: uppercase letters remain unchanged, lowercase letters are shifted, other characters remain unchanged
- Loop iterations: the whole alphabet is shifted
- Error cases and exceptions: input must be a string

This test suite ensures that every line of code is executed at least once, and that all return value possibilities are covered.

Please replace 'your_module' with the actual name of the module where the function is defined.


Pytest output:
============================= test session starts ==============================
platform linux -- Python 3.12.12, pytest-8.4.2, pluggy-1.6.0 -- /usr/bin/python3
cachedir: .pytest_cache
rootdir: /content/CS598JBR-Team-1/MP2/Tests
plugins: cov-7.0.0, typeguard-4.4.4, langsmith-0.4.37, anyio-4.11.0
collecting ... collected 2 items

HumanEval_89_test.py::test_encrypt FAILED                                [ 50%]
HumanEval_89_test.py::test_encrypt_errors PASSED                         [100%]

=================================== FAILURES ===================================
_________________________________ test_encrypt _________________________________

    def test_encrypt():
>       assert encrypt('hello') == 'jgnnq'
E       AssertionError: assert 'lipps' == 'jgnnq'
E         
E         - jgnnq
E         + lipps

HumanEval_89_test.py:6: AssertionError
================================ tests coverage ================================
_______________ coverage: platform linux, python 3.12.12-final-0 _______________

Coverage JSON written to file /content/CS598JBR-Team-1/MP2/Coverage/HumanEval_89_test_crafted.json
=========================== short test summary info ============================
FAILED HumanEval_89_test.py::test_encrypt - AssertionError: assert 'lipps' ==...
========================= 1 failed, 1 passed in 0.06s ==========================


========================================

(14/20) Prompt for Task_ID HumanEval/30:

You are an AI programming assistant, utilizing the DeepSeek Coder model, developed by DeepSeek Company, and you only answer questions related to computer science.
For politically sensitive questions, security and privacy issues, and other non-computer science questions, you will refuse to answer.

### Instructions:
1. Generate a pytest test suite for the following code with maximum code coverage
2. Generate as many test cases as necessary to cover all possible execution paths
3. Try to include tests for:
   - Normal/typical inputs
   - Edge cases (empty inputs, single elements, maximum values)
   - Boundary conditions
   - Different data types where applicable
   - All conditional branches (if/else statements)
   - Loop iterations (empty, single, multiple)
   - Error cases and exceptions
4. Ensure every line of code is executed by at least one test
5. Test all return value possibilities



def get_positive(l: list):
    return [e for e in l if e > 0]


### Response:

Response for Task_ID HumanEval/30:
Here is a pytest test suite for the given code:

```python
import pytest
from your_module import get_positive  # replace with your actual module name


def test_get_positive():
    # Normal/typical inputs
    assert get_positive([1, 2, 3, -4, 5]) == [1, 2, 3, 5]
    assert get_positive([10, 20, 30, -40, 50]) == [10, 20, 30, 50]

    # Edge cases (empty inputs, single elements, maximum values)
    assert get_positive([]) == []
    assert get_positive([1]) == [1]
    assert get_positive([-1]) == []
    assert get_positive([1000000]) == [1000000]
    assert get_positive([-1000000]) == []

    # Boundary conditions
    assert get_positive([0]) == []
    assert get_positive([-1, -2, -3, 0, 1, 2, 3]) == [1, 2, 3]

    # Different data types where applicable
    assert get_positive([1.0, 2.0, 3.0, -4.0, 5.0]) == [1.0, 2.0, 3.0, 5.0]
    assert get_positive(["1", "2", "3", "-4", "5"]) == ["1", "2", "3", "5"]

    # All conditional branches (if/else statements)
    assert get_positive([1, 2, 3, -4, 5]) == [1, 2, 3, 5]
    assert get_positive([-1, -2, -3, -4, -5]) == []

    # Loop iterations (empty, single, multiple)
    assert get_positive([]) == []
    assert get_positive([1]) == [1]
    assert get_positive([-1, 1]) == [1]

    # Error cases and exceptions
    with pytest.raises(TypeError):
        get_positive(None)
    with pytest.raises(TypeError):
        get_positive("1,2,3")
```

This test suite covers all possible execution paths and includes a variety of test cases to ensure code coverage. It tests the function with typical inputs, edge cases, boundary conditions, different data types, conditional branches, loop iterations, and error cases.

Please replace `your_module` with the actual module name where the function `get_positive` is defined.

Note: This test suite assumes that the function `get_positive` is defined in a module named `your_module`. If the function is defined in a different module, you will need to replace `your_module` with the actual module name.


Pytest output:
============================= test session starts ==============================
platform linux -- Python 3.12.12, pytest-8.4.2, pluggy-1.6.0 -- /usr/bin/python3
cachedir: .pytest_cache
rootdir: /content/CS598JBR-Team-1/MP2/Tests
plugins: cov-7.0.0, typeguard-4.4.4, langsmith-0.4.37, anyio-4.11.0
collecting ... collected 1 item

HumanEval_30_test.py::test_get_positive FAILED                           [100%]

=================================== FAILURES ===================================
______________________________ test_get_positive _______________________________

    def test_get_positive():
        # Normal/typical inputs
        assert get_positive([1, 2, 3, -4, 5]) == [1, 2, 3, 5]
        assert get_positive([10, 20, 30, -40, 50]) == [10, 20, 30, 50]
    
        # Edge cases (empty inputs, single elements, maximum values)
        assert get_positive([]) == []
        assert get_positive([1]) == [1]
        assert get_positive([-1]) == []
        assert get_positive([1000000]) == [1000000]
        assert get_positive([-1000000]) == []
    
        # Boundary conditions
        assert get_positive([0]) == []
        assert get_positive([-1, -2, -3, 0, 1, 2, 3]) == [1, 2, 3]
    
        # Different data types where applicable
        assert get_positive([1.0, 2.0, 3.0, -4.0, 5.0]) == [1.0, 2.0, 3.0, 5.0]
>       assert get_positive(["1", "2", "3", "-4", "5"]) == ["1", "2", "3", "5"]
               ^^^^^^^^^^^^^^^^^^^^^^^^^^^^^^^^^^^^^^^^

HumanEval_30_test.py:23: 
_ _ _ _ _ _ _ _ _ _ _ _ _ _ _ _ _ _ _ _ _ _ _ _ _ _ _ _ _ _ _ _ _ _ _ _ _ _ _ _ 

l = ['1', '2', '3', '-4', '5']

    def get_positive(l: list):
        """Return only positive numbers in the list.
        >>> get_positive([-1, 2, -4, 5, 6])
        [2, 5, 6]
        >>> get_positive([5, 3, -5, 2, -3, 3, 9, 0, 123, 1, -10])
        [5, 3, 2, 3, 9, 123, 1]
        """
>       return [e for e in l if e > 0]
                                ^^^^^
E       TypeError: '>' not supported between instances of 'str' and 'int'

HumanEval_30.py:10: TypeError
================================ tests coverage ================================
_______________ coverage: platform linux, python 3.12.12-final-0 _______________

Coverage JSON written to file /content/CS598JBR-Team-1/MP2/Coverage/HumanEval_30_test_crafted.json
=========================== short test summary info ============================
FAILED HumanEval_30_test.py::test_get_positive - TypeError: '>' not supported...
============================== 1 failed in 0.11s ===============================


========================================

(15/20) Prompt for Task_ID HumanEval/122:

You are an AI programming assistant, utilizing the DeepSeek Coder model, developed by DeepSeek Company, and you only answer questions related to computer science.
For politically sensitive questions, security and privacy issues, and other non-computer science questions, you will refuse to answer.

### Instructions:
1. Generate a pytest test suite for the following code with maximum code coverage
2. Generate as many test cases as necessary to cover all possible execution paths
3. Try to include tests for:
   - Normal/typical inputs
   - Edge cases (empty inputs, single elements, maximum values)
   - Boundary conditions
   - Different data types where applicable
   - All conditional branches (if/else statements)
   - Loop iterations (empty, single, multiple)
   - Error cases and exceptions
4. Ensure every line of code is executed by at least one test
5. Test all return value possibilities


def add_elements(arr, k):
    return sum(elem for elem in arr[:k] if len(str(elem)) <= 2)


### Response:

Response for Task_ID HumanEval/122:
Here is a pytest test suite for the given code:

```python
import pytest
from your_module import add_elements  # replace with your actual module name


def test_add_elements_normal():
    assert add_elements([1, 2, 3, 4, 5], 3) == 6
    assert add_elements([10, 20, 30, 40, 50], 4) == 70
    assert add_elements([100, 200, 300, 400, 500], 5) == 1500


def test_add_elements_edge_cases():
    assert add_elements([], 3) == 0
    assert add_elements([1], 1) == 0
    assert add_elements([10, 20, 30, 40, 50], 0) == 0


def test_add_elements_boundary_conditions():
    assert add_elements([1000, 2000, 3000, 4000, 5000], 5) == 15000
    assert add_elements([1, 9999999999999999999999999999999999999999999999999999999999999999999999999999999999999999999999999999999999999999999999999999999999999999999999999999999999999999999999999999999999999999999999999999999999999999999999999999999999999999999999999999999999999999999999999999999999999999999999999999999999999999999999999999999999999999999999999999999999999999999999999999999999999999999999999999999999999999999999999999999999999999999999999999999999999999999999999999999999999999999999999999999999999999999999999999999999999999999999999999999999999999999999999999999999999999999999999999999999999999999999999999999999999999999999999999999999999999999999999999999999999999999999999999999999999999999999999999999999999999

Pytest output:
============================= test session starts ==============================
platform linux -- Python 3.12.12, pytest-8.4.2, pluggy-1.6.0 -- /usr/bin/python3
cachedir: .pytest_cache
rootdir: /content/CS598JBR-Team-1/MP2/Tests
plugins: cov-7.0.0, typeguard-4.4.4, langsmith-0.4.37, anyio-4.11.0
collecting ... collected 0 items

WARNING: Failed to generate report: No data to report.


================================ tests coverage ================================
_______________ coverage: platform linux, python 3.12.12-final-0 _______________

============================ no tests ran in 0.03s =============================


Pytest errors:
/usr/local/lib/python3.12/dist-packages/coverage/inorout.py:521: CoverageWarning: Module HumanEval_122 was never imported. (module-not-imported); see https://coverage.readthedocs.io/en/7.11.0/messages.html#warning-module-not-imported
  self.warn(f"Module {pkg} was never imported.", slug="module-not-imported")
/usr/local/lib/python3.12/dist-packages/coverage/control.py:946: CoverageWarning: No data was collected. (no-data-collected); see https://coverage.readthedocs.io/en/7.11.0/messages.html#warning-no-data-collected
  self._warn("No data was collected.", slug="no-data-collected")
/usr/local/lib/python3.12/dist-packages/pytest_cov/plugin.py:363: CovReportWarning: Failed to generate report: No data to report.

  warnings.warn(CovReportWarning(message), stacklevel=1)


========================================

(16/20) Prompt for Task_ID HumanEval/62:

You are an AI programming assistant, utilizing the DeepSeek Coder model, developed by DeepSeek Company, and you only answer questions related to computer science.
For politically sensitive questions, security and privacy issues, and other non-computer science questions, you will refuse to answer.

### Instructions:
1. Generate a pytest test suite for the following code with maximum code coverage
2. Generate as many test cases as necessary to cover all possible execution paths
3. Try to include tests for:
   - Normal/typical inputs
   - Edge cases (empty inputs, single elements, maximum values)
   - Boundary conditions
   - Different data types where applicable
   - All conditional branches (if/else statements)
   - Loop iterations (empty, single, multiple)
   - Error cases and exceptions
4. Ensure every line of code is executed by at least one test
5. Test all return value possibilities



def derivative(xs: list):
    return [(i * x) for i, x in enumerate(xs)][1:]


### Response:

Response for Task_ID HumanEval/62:
Here is a pytest test suite for the given code:

```python
import pytest
from your_module import derivative

def test_derivative_typical_inputs():
    assert derivative([1, 2, 3, 4]) == [2, 6, 12]
    assert derivative([0, 1, 2, 3]) == [1, 4]

def test_derivative_edge_cases():
    assert derivative([]) == []
    assert derivative([1]) == []
    assert derivative([1, 2]) == [2]

def test_derivative_boundary_conditions():
    assert derivative([10]) == []
    assert derivative([-1, -2, -3, -4]) == [-2, -6, -12]

def test_derivative_different_data_types():
    assert derivative([1.0, 2.0, 3.0]) == [2.0, 6.0]
    assert derivative([1, 2, 3, 4.0]) == [2.0, 6.0, 12.0]

def test_derivative_conditional_branches():
    assert derivative([0, 1, 2, 3]) == [1, 4]
    assert derivative([10]) == []

def test_derivative_loop_iterations():
    assert derivative([]) == []
    assert derivative([1]) == []
    assert derivative([1, 2, 3, 4]) == [2, 6, 12]

def test_derivative_error_cases():
    with pytest.raises(TypeError):
        derivative(1)
    with pytest.raises(TypeError):
        derivative('1')
    with pytest.raises(TypeError):
        derivative(None)
```

This test suite covers all possible execution paths and includes tests for typical inputs, edge cases, boundary conditions, different data types, conditional branches, loop iterations, and error cases.

Please replace `your_module` with the actual name of the module where the `derivative` function is defined.

Note: The code coverage tool used in this example is pytest. You can use other tools like coverage.py to achieve maximum code coverage.


Pytest output:
============================= test session starts ==============================
platform linux -- Python 3.12.12, pytest-8.4.2, pluggy-1.6.0 -- /usr/bin/python3
cachedir: .pytest_cache
rootdir: /content/CS598JBR-Team-1/MP2/Tests
plugins: cov-7.0.0, typeguard-4.4.4, langsmith-0.4.37, anyio-4.11.0
collecting ... collected 7 items

HumanEval_62_test.py::test_derivative_typical_inputs FAILED              [ 14%]
HumanEval_62_test.py::test_derivative_edge_cases PASSED                  [ 28%]
HumanEval_62_test.py::test_derivative_boundary_conditions PASSED         [ 42%]
HumanEval_62_test.py::test_derivative_different_data_types PASSED        [ 57%]
HumanEval_62_test.py::test_derivative_conditional_branches FAILED        [ 71%]
HumanEval_62_test.py::test_derivative_loop_iterations PASSED             [ 85%]
HumanEval_62_test.py::test_derivative_error_cases FAILED                 [100%]

=================================== FAILURES ===================================
________________________ test_derivative_typical_inputs ________________________

    def test_derivative_typical_inputs():
        assert derivative([1, 2, 3, 4]) == [2, 6, 12]
>       assert derivative([0, 1, 2, 3]) == [1, 4]
E       assert [1, 4, 9] == [1, 4]
E         
E         Left contains one more item: 9
E         
E         Full diff:
E           [
E               1,
E               4,
E         +     9,
E           ]

HumanEval_62_test.py:6: AssertionError
_____________________ test_derivative_conditional_branches _____________________

    def test_derivative_conditional_branches():
>       assert derivative([0, 1, 2, 3]) == [1, 4]
E       assert [1, 4, 9] == [1, 4]
E         
E         Left contains one more item: 9
E         
E         Full diff:
E           [
E               1,
E               4,
E         +     9,
E           ]

HumanEval_62_test.py:22: AssertionError
_________________________ test_derivative_error_cases __________________________

    def test_derivative_error_cases():
        with pytest.raises(TypeError):
            derivative(1)
>       with pytest.raises(TypeError):
             ^^^^^^^^^^^^^^^^^^^^^^^^
E       Failed: DID NOT RAISE <class 'TypeError'>

HumanEval_62_test.py:33: Failed
================================ tests coverage ================================
_______________ coverage: platform linux, python 3.12.12-final-0 _______________

Coverage JSON written to file /content/CS598JBR-Team-1/MP2/Coverage/HumanEval_62_test_crafted.json
=========================== short test summary info ============================
FAILED HumanEval_62_test.py::test_derivative_typical_inputs - assert [1, 4, 9...
FAILED HumanEval_62_test.py::test_derivative_conditional_branches - assert [1...
FAILED HumanEval_62_test.py::test_derivative_error_cases - Failed: DID NOT RA...
========================= 3 failed, 4 passed in 0.13s ==========================


========================================

(17/20) Prompt for Task_ID HumanEval/37:

You are an AI programming assistant, utilizing the DeepSeek Coder model, developed by DeepSeek Company, and you only answer questions related to computer science.
For politically sensitive questions, security and privacy issues, and other non-computer science questions, you will refuse to answer.

### Instructions:
1. Generate a pytest test suite for the following code with maximum code coverage
2. Generate as many test cases as necessary to cover all possible execution paths
3. Try to include tests for:
   - Normal/typical inputs
   - Edge cases (empty inputs, single elements, maximum values)
   - Boundary conditions
   - Different data types where applicable
   - All conditional branches (if/else statements)
   - Loop iterations (empty, single, multiple)
   - Error cases and exceptions
4. Ensure every line of code is executed by at least one test
5. Test all return value possibilities



def sort_even(l: list):
    evens = l[::2]
    odds = l[1::2]
    evens.sort()
    ans = []
    for e, o in zip(evens, odds):
        ans.extend([e, o])
    if len(evens) > len(odds):
        ans.append(evens[-1])
    return ans


### Response:

Response for Task_ID HumanEval/37:
Here is a pytest test suite for the given code:

```python
import pytest
from your_module import sort_even  # replace with your actual module name


def test_sort_even_normal():
    assert sort_even([1, 2, 3, 4, 5, 6, 7, 8]) == [2, 1, 4, 3, 6, 5, 8, 7]


def test_sort_even_empty():
    assert sort_even([]) == []


def test_sort_even_single_element():
    assert sort_even([1]) == [1]


def test_sort_even_max_values():
    assert sort_even([100, 200, 300, 400, 500, 600, 700, 800]) == [200, 100, 400, 300, 600, 500, 800, 700]


def test_sort_even_boundary_conditions():
    assert sort_even([0, 1, 2, 3, 4, 5, 6, 7]) == [2, 0, 4, 1, 6, 3, 7, 5]


def test_sort_even_different_data_types():
    assert sort_even([1, 'b', 3.5, 'd', 5, 'f', 7.2, 'h']) == ['b', 1, 'd', 3.5, 'f', 5, 'h', 7.2]


def test_sort_even_conditional_branches():
    assert sort_even([1, 2, 3, 4, 5, 6, 7]) == [2, 1, 4, 3, 6, 5, 7]


def test_sort_even_loop_iterations():
    assert sort_even([1]) == [1]
    assert sort_even([]) == []
    assert sort_even([1, 2, 3, 4, 5, 6, 7, 8, 9, 10]) == [2, 1, 4, 3, 6, 5, 8, 7, 10, 9]


def test_sort_even_error_cases():
    with pytest.raises(TypeError):
        sort_even('invalid input')
    with pytest.raises(TypeError):
        sort_even([1, 'b', 'c'])
```

This test suite covers all possible execution paths and includes tests for normal/typical inputs, edge cases, boundary conditions, different data types, conditional branches, loop iterations, and error cases.

Please replace `your_module` with the actual name of your module where the `sort_even` function is defined.

Note: The test cases for different data types and error cases are not exhaustive. You may need to add more test cases based on your specific requirements.


Pytest output:
============================= test session starts ==============================
platform linux -- Python 3.12.12, pytest-8.4.2, pluggy-1.6.0 -- /usr/bin/python3
cachedir: .pytest_cache
rootdir: /content/CS598JBR-Team-1/MP2/Tests
plugins: cov-7.0.0, typeguard-4.4.4, langsmith-0.4.37, anyio-4.11.0
collecting ... collected 9 items

HumanEval_37_test.py::test_sort_even_normal FAILED                       [ 11%]
HumanEval_37_test.py::test_sort_even_empty PASSED                        [ 22%]
HumanEval_37_test.py::test_sort_even_single_element PASSED               [ 33%]
HumanEval_37_test.py::test_sort_even_max_values FAILED                   [ 44%]
HumanEval_37_test.py::test_sort_even_boundary_conditions FAILED          [ 55%]
HumanEval_37_test.py::test_sort_even_different_data_types FAILED         [ 66%]
HumanEval_37_test.py::test_sort_even_conditional_branches FAILED         [ 77%]
HumanEval_37_test.py::test_sort_even_loop_iterations FAILED              [ 88%]
HumanEval_37_test.py::test_sort_even_error_cases FAILED                  [100%]

=================================== FAILURES ===================================
____________________________ test_sort_even_normal _____________________________

    def test_sort_even_normal():
>       assert sort_even([1, 2, 3, 4, 5, 6, 7, 8]) == [2, 1, 4, 3, 6, 5, 8, 7]
E       AssertionError: assert [1, 2, 3, 4, 5, 6, ...] == [2, 1, 4, 3, 6, 5, ...]
E         
E         At index 0 diff: 1 != 2
E         
E         Full diff:
E           [
E         +     1,
E               2,...
E         
E         ...Full output truncated (17 lines hidden), use '-vv' to show

HumanEval_37_test.py:6: AssertionError
__________________________ test_sort_even_max_values ___________________________

    def test_sort_even_max_values():
>       assert sort_even([100, 200, 300, 400, 500, 600, 700, 800]) == [200, 100, 400, 300, 600, 500, 800, 700]
E       AssertionError: assert [100, 200, 30...500, 600, ...] == [200, 100, 40...600, 500, ...]
E         
E         At index 0 diff: 100 != 200
E         
E         Full diff:
E           [
E         +     100,
E               200,...
E         
E         ...Full output truncated (17 lines hidden), use '-vv' to show

HumanEval_37_test.py:18: AssertionError
______________________ test_sort_even_boundary_conditions ______________________

    def test_sort_even_boundary_conditions():
>       assert sort_even([0, 1, 2, 3, 4, 5, 6, 7]) == [2, 0, 4, 1, 6, 3, 7, 5]
E       AssertionError: assert [0, 1, 2, 3, 4, 5, ...] == [2, 0, 4, 1, 6, 3, ...]
E         
E         At index 0 diff: 0 != 2
E         
E         Full diff:
E           [
E         +     0,
E         +     1,...
E         
E         ...Full output truncated (15 lines hidden), use '-vv' to show

HumanEval_37_test.py:22: AssertionError
_____________________ test_sort_even_different_data_types ______________________

    def test_sort_even_different_data_types():
>       assert sort_even([1, 'b', 3.5, 'd', 5, 'f', 7.2, 'h']) == ['b', 1, 'd', 3.5, 'f', 5, 'h', 7.2]
E       AssertionError: assert [1, 'b', 3.5,..., 5, 'f', ...] == ['b', 1, 'd',..., 'f', 5, ...]
E         
E         At index 0 diff: 1 != 'b'
E         
E         Full diff:
E           [
E         +     1,
E               'b',...
E         
E         ...Full output truncated (12 lines hidden), use '-vv' to show

HumanEval_37_test.py:26: AssertionError
_____________________ test_sort_even_conditional_branches ______________________

    def test_sort_even_conditional_branches():
>       assert sort_even([1, 2, 3, 4, 5, 6, 7]) == [2, 1, 4, 3, 6, 5, 7]
E       AssertionError: assert [1, 2, 3, 4, 5, 6, ...] == [2, 1, 4, 3, 6, 5, ...]
E         
E         At index 0 diff: 1 != 2
E         
E         Full diff:
E           [
E         +     1,
E               2,...
E         
E         ...Full output truncated (13 lines hidden), use '-vv' to show

HumanEval_37_test.py:30: AssertionError
________________________ test_sort_even_loop_iterations ________________________

    def test_sort_even_loop_iterations():
        assert sort_even([1]) == [1]
        assert sort_even([]) == []
>       assert sort_even([1, 2, 3, 4, 5, 6, 7, 8, 9, 10]) == [2, 1, 4, 3, 6, 5, 8, 7, 10, 9]
E       AssertionError: assert [1, 2, 3, 4, 5, 6, ...] == [2, 1, 4, 3, 6, 5, ...]
E         
E         At index 0 diff: 1 != 2
E         
E         Full diff:
E           [
E         +     1,
E               2,...
E         
E         ...Full output truncated (22 lines hidden), use '-vv' to show

HumanEval_37_test.py:36: AssertionError
__________________________ test_sort_even_error_cases __________________________

    def test_sort_even_error_cases():
        with pytest.raises(TypeError):
>           sort_even('invalid input')

HumanEval_37_test.py:41: 
_ _ _ _ _ _ _ _ _ _ _ _ _ _ _ _ _ _ _ _ _ _ _ _ _ _ _ _ _ _ _ _ _ _ _ _ _ _ _ _ 

l = 'invalid input'

    def sort_even(l: list):
        """This function takes a list l and returns a list l' such that
        l' is identical to l in the odd indicies, while its values at the even indicies are equal
        to the values of the even indicies of l, but sorted.
        >>> sort_even([1, 2, 3])
        [1, 2, 3]
        >>> sort_even([5, 6, 3, 4])
        [3, 6, 5, 4]
        """
        evens = l[::2]
        odds = l[1::2]
>       evens.sort()
        ^^^^^^^^^^
E       AttributeError: 'str' object has no attribute 'sort'

HumanEval_37.py:14: AttributeError
================================ tests coverage ================================
_______________ coverage: platform linux, python 3.12.12-final-0 _______________

Coverage JSON written to file /content/CS598JBR-Team-1/MP2/Coverage/HumanEval_37_test_crafted.json
=========================== short test summary info ============================
FAILED HumanEval_37_test.py::test_sort_even_normal - AssertionError: assert [...
FAILED HumanEval_37_test.py::test_sort_even_max_values - AssertionError: asse...
FAILED HumanEval_37_test.py::test_sort_even_boundary_conditions - AssertionEr...
FAILED HumanEval_37_test.py::test_sort_even_different_data_types - AssertionE...
FAILED HumanEval_37_test.py::test_sort_even_conditional_branches - AssertionE...
FAILED HumanEval_37_test.py::test_sort_even_loop_iterations - AssertionError:...
FAILED HumanEval_37_test.py::test_sort_even_error_cases - AttributeError: 'st...
========================= 7 failed, 2 passed in 0.15s ==========================


========================================

(18/20) Prompt for Task_ID HumanEval/93:

You are an AI programming assistant, utilizing the DeepSeek Coder model, developed by DeepSeek Company, and you only answer questions related to computer science.
For politically sensitive questions, security and privacy issues, and other non-computer science questions, you will refuse to answer.

### Instructions:
1. Generate a pytest test suite for the following code with maximum code coverage
2. Generate as many test cases as necessary to cover all possible execution paths
3. Try to include tests for:
   - Normal/typical inputs
   - Edge cases (empty inputs, single elements, maximum values)
   - Boundary conditions
   - Different data types where applicable
   - All conditional branches (if/else statements)
   - Loop iterations (empty, single, multiple)
   - Error cases and exceptions
4. Ensure every line of code is executed by at least one test
5. Test all return value possibilities


def encode(message):
    vowels = "aeiouAEIOU"
    vowels_replace = dict([(i, chr(ord(i) + 2)) for i in vowels])
    message = message.swapcase()
    return ''.join([vowels_replace[i] if i in vowels else i for i in message])


### Response:

Response for Task_ID HumanEval/93:
Here is a pytest test suite for the given code:

```python
import pytest
from your_module import encode  # replace 'your_module' with the name of the module where the function is defined


def test_encode():
    assert encode("") == ""
    assert encode("a") == "c"
    assert encode("b") == "d"
    assert encode("c") == "e"
    assert encode("d") == "f"
    assert encode("e") == "g"
    assert encode("f") == "h"
    assert encode("g") == "i"
    assert encode("h") == "j"
    assert encode("i") == "k"
    assert encode("j") == "l"
    assert encode("k") == "m"
    assert encode("l") == "n"
    assert encode("m") == "o"
    assert encode("n") == "p"
    assert encode("o") == "q"
    assert encode("p") == "r"
    assert encode("q") == "s"
    assert encode("r") == "t"
    assert encode("s") == "u"
    assert encode("t") == "v"
    assert encode("u") == "w"
    assert encode("v") == "x"
    assert encode("w") == "y"
    assert encode("x") == "z"
    assert encode("y") == "A"
    assert encode("z") == "B"
    assert encode("A") == "C"
    assert encode("B") == "D"
    assert encode("C") == "E"
    assert encode("D") == "F"
    assert encode("E") == "G"
    assert encode("F") == "H"
    assert encode("G") == "I"
    assert encode("H") == "J"
    assert encode("I") == "K"
    assert encode("J") == "L"
    assert encode("K") == "M"
    assert encode("L") == "N"
    assert encode("M") == "O"
    assert encode("N") == "P"
    assert encode("O") == "Q"
    assert encode("P") == "R"
    assert encode("Q") == "S"
    assert encode("R") == "T"
    assert encode("S") == "U"
    assert encode("T") == "V"
    assert encode("U") == "W"
    assert encode("V") == "X"
    assert encode("W") == "Y"
    assert encode("X") == "Z"
    assert encode("Y") == "["
    assert encode("Z") == "]"
    assert encode("aeiou") == "cgeiq"
    assert encode("AEIOU") == "CGEIQ"
    assert encode("bcdfghjklmnpqrstvwxyzBCDFGHJKLMNPQRSTVWXYZ") == "dEfHJLmnPqRtVwXyZDfHjLmnPqRtVwXyZ"
```

This test suite covers all possible execution paths and all edge cases. It also tests the function with different data types and error cases.

Please replace 'your_module' with the actual name of the module where the function is defined.

Note: This code assumes that the function will only receive strings as input. If the function can receive other types of inputs, additional tests should be added.


Pytest output:
============================= test session starts ==============================
platform linux -- Python 3.12.12, pytest-8.4.2, pluggy-1.6.0 -- /usr/bin/python3
cachedir: .pytest_cache
rootdir: /content/CS598JBR-Team-1/MP2/Tests
plugins: cov-7.0.0, typeguard-4.4.4, langsmith-0.4.37, anyio-4.11.0
collecting ... collected 1 item

HumanEval_93_test.py::test_encode FAILED                                 [100%]

=================================== FAILURES ===================================
_________________________________ test_encode __________________________________

    def test_encode():
        assert encode("") == ""
>       assert encode("a") == "c"
E       AssertionError: assert 'C' == 'c'
E         
E         - c
E         + C

HumanEval_93_test.py:7: AssertionError
================================ tests coverage ================================
_______________ coverage: platform linux, python 3.12.12-final-0 _______________

Coverage JSON written to file /content/CS598JBR-Team-1/MP2/Coverage/HumanEval_93_test_crafted.json
=========================== short test summary info ============================
FAILED HumanEval_93_test.py::test_encode - AssertionError: assert 'C' == 'c'
============================== 1 failed in 0.10s ===============================


========================================

(19/20) Prompt for Task_ID HumanEval/56:

You are an AI programming assistant, utilizing the DeepSeek Coder model, developed by DeepSeek Company, and you only answer questions related to computer science.
For politically sensitive questions, security and privacy issues, and other non-computer science questions, you will refuse to answer.

### Instructions:
1. Generate a pytest test suite for the following code with maximum code coverage
2. Generate as many test cases as necessary to cover all possible execution paths
3. Try to include tests for:
   - Normal/typical inputs
   - Edge cases (empty inputs, single elements, maximum values)
   - Boundary conditions
   - Different data types where applicable
   - All conditional branches (if/else statements)
   - Loop iterations (empty, single, multiple)
   - Error cases and exceptions
4. Ensure every line of code is executed by at least one test
5. Test all return value possibilities



def correct_bracketing(brackets: str):
    depth = 0
    for b in brackets:
        if b == "<":
            depth += 1
        else:
            depth -= 1
        if depth < 0:
            return False
    return depth == 0


### Response:

Response for Task_ID HumanEval/56:
Here is a pytest test suite for the given code:

```python
import pytest
from your_module import correct_bracketing  # replace with your actual module name


def test_correct_bracketing():
    assert correct_bracketing("<>") == True
    assert correct_bracketing("<<>>") == True
    assert correct_bracketing("<<><>>") == True
    assert correct_bracketing("<<>>><") == False
    assert correct_bracketing("<><>") == False
    assert correct_bracketing("") == True
    assert correct_bracketing("<") == False
    assert correct_bracketing(">") == False
    assert correct_bracketing("<<<>>>") == False
    assert correct_bracketing("<<<<>>>>") == False
    assert correct_bracketing("<<<<<>>>>") == False
    assert correct_bracketing("<<<<<<>>>>>>") == False
    assert correct_bracketing("<<<<<<<>>>>>>") == False
    assert correct_bracketing("<<<<<<<<>>>>>>") == False
    assert correct_bracketing("<<<<<<<<<>>>>>>") == False
    assert correct_bracketing("<<<<<<<<<<>>>>>>") == False
    assert correct_bracketing("<<<<<<<<<<<>>>>>>") == False
    assert correct_bracketing("<<<<<<<<<<<<>>>>>>") == False
    assert correct_bracketing("<<<<<<<<<<<<<>>>>>>") == False
    assert correct_bracketing("<<<<<<<<<<<<<<>>>>>>") == False
    assert correct_bracketing("<<<<<<<<<<<<<<<>>>>>>") == False
    assert correct_bracketing("<<<<<<<<<<<<<<<<>>>>>>") == False
    assert correct_bracketing("<<<<<<<<<<<<<<<<<>>>>>>") == False
    assert correct_bracketing("<<<<<<<<<<<<<<<<<<>>>>>>") == False
    assert correct_bracketing("<<<<<<<<<<<<<<<<<<<>>>>>>") == False
    assert correct_bracketing("<<<<<<<<<<<<<<<<<<<<>>>>>>") == False
    assert correct_bracketing("<<<<<<<<<<<<<<<<<<<<<>>>>>>") == False
    assert correct_bracketing("<<<<<<<<<<<<<<<<<<<<<<>>>>>>") == False
    assert correct_bracketing("<<<<<<<<<<<<<<<<<<<<<<<>>>>>>") == False
    assert correct_bracketing("<<<<<<<<<<<<<<<<<<<<<<<<>>>>>>") == False
    assert correct_bracketing("<<<<<<<<<<<<<<<<<<<<<<<<<>>>>>>") == False
    assert correct_bracketing("<<<<<<<<<<<<<<<<<<<<<<<<<<>>>>>>") == False
    assert correct_bracketing("<<<<<<<<<<<<<<<<<<<<<<<<<<<>>>>>>") == False
    assert correct_bracketing("<<<<<<<<<<<<<<<<<<<<<<<<<<<<>>>>>>") == False
    assert correct_bracketing("<<<<<<<<<<<<<<<<<<<<<<<<<<<<<>>>>>>") == False
    assert correct_bracketing("<<<<<<<<<<<<<<<<<<<<<<<<<<<<<<>>>>>>") == False
    assert correct_bracketing("<<<<<<<<<<<<<<<<<<<<<<<<<<<<<<<>>>>>>") == False
    assert correct_bracketing("<<<<<<<<<<<<<<<<<<<<<<<<<<<<<<<<>>>>>>") == False
    assert correct_bracketing("<<<<<<<<<<<<<<<<<<<<<<<<<<<<<<<<<>>>>>>") == False
    assert correct_bracketing("<<<<<<<<<<<<<<<<<<<<<<<<<<<<<<<<<<>>>>>>") == False
    assert correct_bracketing("<<<<<<<<<<<<<<<<<<<<<<<<<<<<<<<<<<<>>>>>>") == False
    assert correct_bracketing("<<<<<<<<<<<<<<<<<<<<<<<<<<<<<<<<<<

Pytest output:
============================= test session starts ==============================
platform linux -- Python 3.12.12, pytest-8.4.2, pluggy-1.6.0 -- /usr/bin/python3
cachedir: .pytest_cache
rootdir: /content/CS598JBR-Team-1/MP2/Tests
plugins: cov-7.0.0, typeguard-4.4.4, langsmith-0.4.37, anyio-4.11.0
collecting ... collected 0 items

WARNING: Failed to generate report: No data to report.


================================ tests coverage ================================
_______________ coverage: platform linux, python 3.12.12-final-0 _______________

============================ no tests ran in 0.03s =============================


Pytest errors:
/usr/local/lib/python3.12/dist-packages/coverage/inorout.py:521: CoverageWarning: Module HumanEval_56 was never imported. (module-not-imported); see https://coverage.readthedocs.io/en/7.11.0/messages.html#warning-module-not-imported
  self.warn(f"Module {pkg} was never imported.", slug="module-not-imported")
/usr/local/lib/python3.12/dist-packages/coverage/control.py:946: CoverageWarning: No data was collected. (no-data-collected); see https://coverage.readthedocs.io/en/7.11.0/messages.html#warning-no-data-collected
  self._warn("No data was collected.", slug="no-data-collected")
/usr/local/lib/python3.12/dist-packages/pytest_cov/plugin.py:363: CovReportWarning: Failed to generate report: No data to report.

  warnings.warn(CovReportWarning(message), stacklevel=1)


========================================

(20/20) Prompt for Task_ID HumanEval/163:

You are an AI programming assistant, utilizing the DeepSeek Coder model, developed by DeepSeek Company, and you only answer questions related to computer science.
For politically sensitive questions, security and privacy issues, and other non-computer science questions, you will refuse to answer.

### Instructions:
1. Generate a pytest test suite for the following code with maximum code coverage
2. Generate as many test cases as necessary to cover all possible execution paths
3. Try to include tests for:
   - Normal/typical inputs
   - Edge cases (empty inputs, single elements, maximum values)
   - Boundary conditions
   - Different data types where applicable
   - All conditional branches (if/else statements)
   - Loop iterations (empty, single, multiple)
   - Error cases and exceptions
4. Ensure every line of code is executed by at least one test
5. Test all return value possibilities


def generate_integers(a, b):
    lower = max(2, min(a, b))
    upper = min(8, max(a, b))

    return [i for i in range(lower, upper+1) if i % 2 == 0]


### Response:

Response for Task_ID HumanEval/163:
Here is a pytest test suite for the given code:

```python
import pytest
from your_module import generate_integers  # replace with your actual module name


def test_generate_integers_normal():
    assert generate_integers(5, 7) == [6]
    assert generate_integers(3, 8) == [4, 6]
    assert generate_integers(2, 8) == [4, 6]
    assert generate_integers(3, 9) == [4, 6, 8]


def test_generate_integers_edge_cases():
    assert generate_integers(1, 1) == []
    assert generate_integers(1, 2) == []
    assert generate_integers(8, 8) == []
    assert generate_integers(9, 9) == []


def test_generate_integers_boundary_conditions():
    assert generate_integers(1, 8) == [4, 6]
    assert generate_integers(2, 9) == [4, 6, 8]
    assert generate_integers(1, 10) == [4, 6, 8]
    assert generate_integers(9, 10) == [10]


def test_generate_integers_different_data_types():
    assert generate_integers(5.5, 7.7) == [6]
    assert generate_integers(3.3, 8.8) == [4, 6]
    assert generate_integers(2.2, 8.8) == [4, 6]
    assert generate_integers(3.3, 9.9) == [4, 6, 8]


def test_generate_integers_conditional_branches():
    assert generate_integers(1, 1) == []
    assert generate_integers(1, 2) == []
    assert generate_integers(8, 8) == []
    assert generate_integers(9, 9) == []


def test_generate_integers_loop_iterations():
    assert generate_integers(1, 1) == []
    assert generate_integers(1, 1) == []
    assert generate_integers(1, 1) == []
    assert generate_integers(1, 1) == []


def test_generate_integers_error_cases():
    with pytest.raises(TypeError):
        generate_integers("5", 7)
    with pytest.raises(TypeError):
        generate_integers(5, "7")
    with pytest.raises(TypeError):
        generate_integers("5", "7")
```

This test suite covers all possible execution paths and includes tests for normal/typical inputs, edge cases, boundary conditions, different data types, conditional branches, loop iterations, and error cases.

Please replace `your_module` with the actual module name where the `generate_integers` function is defined.

Note: The code coverage tool used in this example is pytest. You can use other tools like coverage.py or PyCharm's built-in coverage analysis to get a more detailed report.


Pytest output:
============================= test session starts ==============================
platform linux -- Python 3.12.12, pytest-8.4.2, pluggy-1.6.0 -- /usr/bin/python3
cachedir: .pytest_cache
rootdir: /content/CS598JBR-Team-1/MP2/Tests
plugins: cov-7.0.0, typeguard-4.4.4, langsmith-0.4.37, anyio-4.11.0
collecting ... collected 7 items

HumanEval_163_test.py::test_generate_integers_normal FAILED              [ 14%]
HumanEval_163_test.py::test_generate_integers_edge_cases FAILED          [ 28%]
HumanEval_163_test.py::test_generate_integers_boundary_conditions FAILED [ 42%]
HumanEval_163_test.py::test_generate_integers_different_data_types FAILED [ 57%]
HumanEval_163_test.py::test_generate_integers_conditional_branches FAILED [ 71%]
HumanEval_163_test.py::test_generate_integers_loop_iterations PASSED     [ 85%]
HumanEval_163_test.py::test_generate_integers_error_cases PASSED         [100%]

=================================== FAILURES ===================================
________________________ test_generate_integers_normal _________________________

    def test_generate_integers_normal():
        assert generate_integers(5, 7) == [6]
>       assert generate_integers(3, 8) == [4, 6]
E       assert [4, 6, 8] == [4, 6]
E         
E         Left contains one more item: 8
E         
E         Full diff:
E           [
E               4,
E               6,
E         +     8,
E           ]

HumanEval_163_test.py:7: AssertionError
______________________ test_generate_integers_edge_cases _______________________

    def test_generate_integers_edge_cases():
        assert generate_integers(1, 1) == []
>       assert generate_integers(1, 2) == []
E       assert [2] == []
E         
E         Left contains one more item: 2
E         
E         Full diff:
E         - []
E         + [
E         +     2,
E         + ]

HumanEval_163_test.py:14: AssertionError
__________________ test_generate_integers_boundary_conditions __________________

    def test_generate_integers_boundary_conditions():
>       assert generate_integers(1, 8) == [4, 6]
E       AssertionError: assert [2, 4, 6, 8] == [4, 6]
E         
E         At index 0 diff: 2 != 4
E         Left contains 2 more items, first extra item: 6
E         
E         Full diff:
E           [
E         +     2,...
E         
E         ...Full output truncated (4 lines hidden), use '-vv' to show

HumanEval_163_test.py:20: AssertionError
_________________ test_generate_integers_different_data_types __________________

    def test_generate_integers_different_data_types():
>       assert generate_integers(5.5, 7.7) == [6]
               ^^^^^^^^^^^^^^^^^^^^^^^^^^^

HumanEval_163_test.py:27: 
_ _ _ _ _ _ _ _ _ _ _ _ _ _ _ _ _ _ _ _ _ _ _ _ _ _ _ _ _ _ _ _ _ _ _ _ _ _ _ _ 

a = 5.5, b = 7.7

    def generate_integers(a, b):
        """
        Given two positive integers a and b, return the even digits between a
        and b, in ascending order.
    
        For example:
        generate_integers(2, 8) => [2, 4, 6, 8]
        generate_integers(8, 2) => [2, 4, 6, 8]
        generate_integers(10, 14) => []
        """
        lower = max(2, min(a, b))
        upper = min(8, max(a, b))
    
>       return [i for i in range(lower, upper+1) if i % 2 == 0]
                           ^^^^^^^^^^^^^^^^^^^^^
E       TypeError: 'float' object cannot be interpreted as an integer

HumanEval_163.py:15: TypeError
_________________ test_generate_integers_conditional_branches __________________

    def test_generate_integers_conditional_branches():
        assert generate_integers(1, 1) == []
>       assert generate_integers(1, 2) == []
E       assert [2] == []
E         
E         Left contains one more item: 2
E         
E         Full diff:
E         - []
E         + [
E         +     2,
E         + ]

HumanEval_163_test.py:35: AssertionError
================================ tests coverage ================================
_______________ coverage: platform linux, python 3.12.12-final-0 _______________

Coverage JSON written to file /content/CS598JBR-Team-1/MP2/Coverage/HumanEval_163_test_crafted.json
=========================== short test summary info ============================
FAILED HumanEval_163_test.py::test_generate_integers_normal - assert [4, 6, 8...
FAILED HumanEval_163_test.py::test_generate_integers_edge_cases - assert [2] ...
FAILED HumanEval_163_test.py::test_generate_integers_boundary_conditions - As...
FAILED HumanEval_163_test.py::test_generate_integers_different_data_types - T...
FAILED HumanEval_163_test.py::test_generate_integers_conditional_branches - a...
========================= 5 failed, 2 passed in 0.16s ==========================


========================================

